<?xml version="1.0" encoding="UTF-8"?>
<coverage generated="1537449777876" clover="3.2.0">
  <project timestamp="1537449777876" name="All files">
    <metrics statements="24" coveredstatements="24" conditionals="90" coveredconditionals="61" methods="3" coveredmethods="3" elements="117" coveredelements="88" complexity="0" loc="24" ncloc="24" packages="3" files="5" classes="5">
      <package name="components.Block">
        <metrics statements="20" coveredstatements="20" conditionals="76" coveredconditionals="47" methods="2" coveredmethods="2"/>
        <file name="Block.js" path="/Users/aaronmoore/mydev/facaade/src/components/Block/Block.js">
          <metrics statements="20" coveredstatements="20" conditionals="76" coveredconditionals="47" methods="2" coveredmethods="2"/>
          <line num="6" count="1" type="stmt"/>
          <line num="53" count="4" type="cond" truecount="1" falsecount="1"/>
          <line num="54" count="4" type="cond" truecount="1" falsecount="1"/>
          <line num="55" count="4" type="cond" truecount="1" falsecount="1"/>
          <line num="57" count="4" type="cond" truecount="1" falsecount="1"/>
          <line num="58" count="4" type="cond" truecount="1" falsecount="1"/>
          <line num="59" count="4" type="cond" truecount="1" falsecount="1"/>
          <line num="60" count="4" type="cond" truecount="1" falsecount="1"/>
          <line num="61" count="4" type="cond" truecount="1" falsecount="1"/>
          <line num="62" count="4" type="cond" truecount="1" falsecount="1"/>
          <line num="64" count="4" type="cond" truecount="1" falsecount="1"/>
          <line num="65" count="4" type="cond" truecount="1" falsecount="1"/>
          <line num="66" count="4" type="cond" truecount="1" falsecount="1"/>
          <line num="67" count="4" type="cond" truecount="1" falsecount="1"/>
          <line num="68" count="4" type="cond" truecount="1" falsecount="1"/>
          <line num="69" count="4" type="cond" truecount="1" falsecount="1"/>
          <line num="71" count="4" type="stmt"/>
          <line num="86" count="56" type="stmt"/>
          <line num="88" count="4" type="stmt"/>
          <line num="100" count="4" type="stmt"/>
        </file>
        <file name="index.js" path="/Users/aaronmoore/mydev/facaade/src/components/Block/index.js">
          <metrics statements="0" coveredstatements="0" conditionals="0" coveredconditionals="0" methods="0" coveredmethods="0"/>
        </file>
      </package>
      <package name="components.Button">
        <metrics statements="3" coveredstatements="3" conditionals="14" coveredconditionals="14" methods="1" coveredmethods="1"/>
        <file name="Button.js" path="/Users/aaronmoore/mydev/facaade/src/components/Button/Button.js">
          <metrics statements="3" coveredstatements="3" conditionals="14" coveredconditionals="14" methods="1" coveredmethods="1"/>
          <line num="21" count="1" type="stmt"/>
          <line num="57" count="5" type="stmt"/>
          <line num="62" count="5" type="stmt"/>
        </file>
        <file name="index.js" path="/Users/aaronmoore/mydev/facaade/src/components/Button/index.js">
          <metrics statements="0" coveredstatements="0" conditionals="0" coveredconditionals="0" methods="0" coveredmethods="0"/>
        </file>
      </package>
      <package name="testSetup">
        <metrics statements="1" coveredstatements="1" conditionals="0" coveredconditionals="0" methods="0" coveredmethods="0"/>
        <file name="setupEnzyme.js" path="/Users/aaronmoore/mydev/facaade/src/testSetup/setupEnzyme.js">
          <metrics statements="1" coveredstatements="1" conditionals="0" coveredconditionals="0" methods="0" coveredmethods="0"/>
          <line num="4" count="2" type="stmt"/>
        </file>
      </package>
    </metrics>
  </project>
</coverage>
