<?xml version="1.0" encoding="UTF-8"?>
<coverage generated="1540023337870" clover="3.2.0">
  <project timestamp="1540023337870" name="All files">
    <metrics statements="92" coveredstatements="9" conditionals="347" coveredconditionals="14" methods="83" coveredmethods="1" elements="522" coveredelements="24" complexity="0" loc="92" ncloc="92" packages="5" files="8" classes="8">
      <package name="components.Block">
        <metrics statements="82" coveredstatements="2" conditionals="330" coveredconditionals="0" methods="79" coveredmethods="0"/>
        <file name="Block.js" path="/Users/aaron/Dev/facaade/src/components/Block/Block.js">
          <metrics statements="82" coveredstatements="2" conditionals="330" coveredconditionals="0" methods="79" coveredmethods="0"/>
          <line num="7" count="1" type="stmt"/>
          <line num="139" count="0" type="stmt"/>
          <line num="143" count="0" type="stmt"/>
          <line num="152" count="1" type="stmt"/>
          <line num="154" count="0" type="cond" truecount="0" falsecount="9"/>
          <line num="155" count="0" type="cond" truecount="0" falsecount="4"/>
          <line num="156" count="0" type="cond" truecount="0" falsecount="8"/>
          <line num="157" count="0" type="cond" truecount="0" falsecount="8"/>
          <line num="158" count="0" type="cond" truecount="0" falsecount="3"/>
          <line num="159" count="0" type="cond" truecount="0" falsecount="3"/>
          <line num="160" count="0" type="cond" truecount="0" falsecount="3"/>
          <line num="161" count="0" type="cond" truecount="0" falsecount="3"/>
          <line num="162" count="0" type="cond" truecount="0" falsecount="3"/>
          <line num="163" count="0" type="cond" truecount="0" falsecount="17"/>
          <line num="164" count="0" type="cond" truecount="0" falsecount="3"/>
          <line num="165" count="0" type="cond" truecount="0" falsecount="3"/>
          <line num="168" count="0" type="cond" truecount="0" falsecount="6"/>
          <line num="169" count="0" type="cond" truecount="0" falsecount="7"/>
          <line num="170" count="0" type="cond" truecount="0" falsecount="7"/>
          <line num="171" count="0" type="cond" truecount="0" falsecount="2"/>
          <line num="172" count="0" type="cond" truecount="0" falsecount="2"/>
          <line num="173" count="0" type="cond" truecount="0" falsecount="2"/>
          <line num="174" count="0" type="cond" truecount="0" falsecount="2"/>
          <line num="175" count="0" type="cond" truecount="0" falsecount="2"/>
          <line num="176" count="0" type="cond" truecount="0" falsecount="9"/>
          <line num="177" count="0" type="cond" truecount="0" falsecount="2"/>
          <line num="178" count="0" type="cond" truecount="0" falsecount="2"/>
          <line num="182" count="0" type="cond" truecount="0" falsecount="6"/>
          <line num="183" count="0" type="cond" truecount="0" falsecount="7"/>
          <line num="184" count="0" type="cond" truecount="0" falsecount="7"/>
          <line num="185" count="0" type="cond" truecount="0" falsecount="2"/>
          <line num="186" count="0" type="cond" truecount="0" falsecount="2"/>
          <line num="187" count="0" type="cond" truecount="0" falsecount="2"/>
          <line num="188" count="0" type="cond" truecount="0" falsecount="2"/>
          <line num="189" count="0" type="cond" truecount="0" falsecount="2"/>
          <line num="190" count="0" type="cond" truecount="0" falsecount="9"/>
          <line num="191" count="0" type="cond" truecount="0" falsecount="2"/>
          <line num="192" count="0" type="cond" truecount="0" falsecount="2"/>
          <line num="196" count="0" type="cond" truecount="0" falsecount="6"/>
          <line num="197" count="0" type="cond" truecount="0" falsecount="7"/>
          <line num="198" count="0" type="cond" truecount="0" falsecount="7"/>
          <line num="199" count="0" type="cond" truecount="0" falsecount="2"/>
          <line num="200" count="0" type="cond" truecount="0" falsecount="2"/>
          <line num="201" count="0" type="cond" truecount="0" falsecount="2"/>
          <line num="202" count="0" type="cond" truecount="0" falsecount="2"/>
          <line num="203" count="0" type="cond" truecount="0" falsecount="2"/>
          <line num="204" count="0" type="cond" truecount="0" falsecount="9"/>
          <line num="205" count="0" type="cond" truecount="0" falsecount="2"/>
          <line num="206" count="0" type="cond" truecount="0" falsecount="2"/>
          <line num="210" count="0" type="cond" truecount="0" falsecount="6"/>
          <line num="211" count="0" type="cond" truecount="0" falsecount="7"/>
          <line num="212" count="0" type="cond" truecount="0" falsecount="7"/>
          <line num="213" count="0" type="cond" truecount="0" falsecount="2"/>
          <line num="214" count="0" type="cond" truecount="0" falsecount="2"/>
          <line num="215" count="0" type="cond" truecount="0" falsecount="2"/>
          <line num="216" count="0" type="cond" truecount="0" falsecount="2"/>
          <line num="217" count="0" type="cond" truecount="0" falsecount="2"/>
          <line num="218" count="0" type="cond" truecount="0" falsecount="9"/>
          <line num="219" count="0" type="cond" truecount="0" falsecount="2"/>
          <line num="220" count="0" type="cond" truecount="0" falsecount="2"/>
          <line num="224" count="0" type="cond" truecount="0" falsecount="6"/>
          <line num="225" count="0" type="cond" truecount="0" falsecount="7"/>
          <line num="226" count="0" type="cond" truecount="0" falsecount="7"/>
          <line num="227" count="0" type="cond" truecount="0" falsecount="2"/>
          <line num="228" count="0" type="cond" truecount="0" falsecount="2"/>
          <line num="229" count="0" type="cond" truecount="0" falsecount="2"/>
          <line num="230" count="0" type="cond" truecount="0" falsecount="2"/>
          <line num="231" count="0" type="cond" truecount="0" falsecount="2"/>
          <line num="232" count="0" type="cond" truecount="0" falsecount="9"/>
          <line num="233" count="0" type="cond" truecount="0" falsecount="2"/>
          <line num="234" count="0" type="cond" truecount="0" falsecount="2"/>
          <line num="238" count="0" type="cond" truecount="0" falsecount="6"/>
          <line num="239" count="0" type="cond" truecount="0" falsecount="7"/>
          <line num="240" count="0" type="cond" truecount="0" falsecount="7"/>
          <line num="241" count="0" type="cond" truecount="0" falsecount="2"/>
          <line num="242" count="0" type="cond" truecount="0" falsecount="2"/>
          <line num="243" count="0" type="cond" truecount="0" falsecount="2"/>
          <line num="244" count="0" type="cond" truecount="0" falsecount="2"/>
          <line num="245" count="0" type="cond" truecount="0" falsecount="2"/>
          <line num="246" count="0" type="cond" truecount="0" falsecount="9"/>
          <line num="247" count="0" type="cond" truecount="0" falsecount="2"/>
          <line num="248" count="0" type="cond" truecount="0" falsecount="2"/>
        </file>
        <file name="index.js" path="/Users/aaron/Dev/facaade/src/components/Block/index.js">
          <metrics statements="0" coveredstatements="0" conditionals="0" coveredconditionals="0" methods="0" coveredmethods="0"/>
        </file>
      </package>
      <package name="components.Button">
        <metrics statements="4" coveredstatements="4" conditionals="14" coveredconditionals="14" methods="1" coveredmethods="1"/>
        <file name="Button.js" path="/Users/aaron/Dev/facaade/src/components/Button/Button.js">
          <metrics statements="4" coveredstatements="4" conditionals="14" coveredconditionals="14" methods="1" coveredmethods="1"/>
          <line num="5" count="1" type="stmt"/>
          <line num="15" count="1" type="stmt"/>
          <line num="51" count="5" type="stmt"/>
          <line num="56" count="5" type="stmt"/>
        </file>
        <file name="index.js" path="/Users/aaron/Dev/facaade/src/components/Button/index.js">
          <metrics statements="0" coveredstatements="0" conditionals="0" coveredconditionals="0" methods="0" coveredmethods="0"/>
        </file>
      </package>
      <package name="constants">
        <metrics statements="0" coveredstatements="0" conditionals="0" coveredconditionals="0" methods="0" coveredmethods="0"/>
        <file name="breakpoints.js" path="/Users/aaron/Dev/facaade/src/constants/breakpoints.js">
          <metrics statements="0" coveredstatements="0" conditionals="0" coveredconditionals="0" methods="0" coveredmethods="0"/>
        </file>
      </package>
      <package name="testSetup">
        <metrics statements="2" coveredstatements="2" conditionals="0" coveredconditionals="0" methods="0" coveredmethods="0"/>
        <file name="scssStub.js" path="/Users/aaron/Dev/facaade/src/testSetup/scssStub.js">
          <metrics statements="1" coveredstatements="1" conditionals="0" coveredconditionals="0" methods="0" coveredmethods="0"/>
          <line num="1" count="1" type="stmt"/>
        </file>
        <file name="setupEnzyme.js" path="/Users/aaron/Dev/facaade/src/testSetup/setupEnzyme.js">
          <metrics statements="1" coveredstatements="1" conditionals="0" coveredconditionals="0" methods="0" coveredmethods="0"/>
          <line num="4" count="2" type="stmt"/>
        </file>
      </package>
      <package name="utils">
        <metrics statements="4" coveredstatements="1" conditionals="3" coveredconditionals="0" methods="3" coveredmethods="0"/>
        <file name="index.js" path="/Users/aaron/Dev/facaade/src/utils/index.js">
          <metrics statements="4" coveredstatements="1" conditionals="3" coveredconditionals="0" methods="3" coveredmethods="0"/>
          <line num="1" count="1" type="cond" truecount="0" falsecount="1"/>
          <line num="3" count="0" type="stmt"/>
          <line num="5" count="0" type="cond" truecount="0" falsecount="2"/>
          <line num="7" count="0" type="stmt"/>
        </file>
      </package>
    </metrics>
  </project>
</coverage>
