{"/Users/aaron/Dev/facaade/src/components/Block/Block.js": {"path":"/Users/aaron/Dev/facaade/src/components/Block/Block.js","statementMap":{"0":{"start":{"line":7,"column":0},"end":{"line":129,"column":1}},"1":{"start":{"line":139,"column":25},"end":{"line":141,"column":5}},"2":{"start":{"line":143,"column":4},"end":{"line":149,"column":17}},"3":{"start":{"line":152,"column":20},"end":{"line":250,"column":1}},"4":{"start":{"line":154,"column":59},"end":{"line":154,"column":187}},"5":{"start":{"line":155,"column":33},"end":{"line":155,"column":69}},"6":{"start":{"line":156,"column":43},"end":{"line":156,"column":123}},"7":{"start":{"line":157,"column":38},"end":{"line":157,"column":118}},"8":{"start":{"line":158,"column":37},"end":{"line":158,"column":63}},"9":{"start":{"line":159,"column":40},"end":{"line":159,"column":64}},"10":{"start":{"line":160,"column":48},"end":{"line":160,"column":76}},"11":{"start":{"line":161,"column":36},"end":{"line":161,"column":58}},"12":{"start":{"line":162,"column":42},"end":{"line":162,"column":68}},"13":{"start":{"line":163,"column":115},"end":{"line":163,"column":365}},"14":{"start":{"line":164,"column":37},"end":{"line":164,"column":63}},"15":{"start":{"line":165,"column":40},"end":{"line":165,"column":68}},"16":{"start":{"line":168,"column":48},"end":{"line":168,"column":103}},"17":{"start":{"line":169,"column":44},"end":{"line":169,"column":115}},"18":{"start":{"line":170,"column":39},"end":{"line":170,"column":110}},"19":{"start":{"line":171,"column":37},"end":{"line":171,"column":53}},"20":{"start":{"line":172,"column":41},"end":{"line":172,"column":56}},"21":{"start":{"line":173,"column":47},"end":{"line":173,"column":64}},"22":{"start":{"line":174,"column":38},"end":{"line":174,"column":52}},"23":{"start":{"line":175,"column":42},"end":{"line":175,"column":58}},"24":{"start":{"line":176,"column":83},"end":{"line":176,"column":214}},"25":{"start":{"line":177,"column":37},"end":{"line":177,"column":53}},"26":{"start":{"line":178,"column":39},"end":{"line":178,"column":56}},"27":{"start":{"line":182,"column":44},"end":{"line":182,"column":99}},"28":{"start":{"line":183,"column":40},"end":{"line":183,"column":111}},"29":{"start":{"line":184,"column":35},"end":{"line":184,"column":106}},"30":{"start":{"line":185,"column":33},"end":{"line":185,"column":49}},"31":{"start":{"line":186,"column":37},"end":{"line":186,"column":52}},"32":{"start":{"line":187,"column":43},"end":{"line":187,"column":60}},"33":{"start":{"line":188,"column":34},"end":{"line":188,"column":48}},"34":{"start":{"line":189,"column":38},"end":{"line":189,"column":54}},"35":{"start":{"line":190,"column":79},"end":{"line":190,"column":210}},"36":{"start":{"line":191,"column":33},"end":{"line":191,"column":49}},"37":{"start":{"line":192,"column":35},"end":{"line":192,"column":52}},"38":{"start":{"line":196,"column":44},"end":{"line":196,"column":97}},"39":{"start":{"line":197,"column":40},"end":{"line":197,"column":111}},"40":{"start":{"line":198,"column":35},"end":{"line":198,"column":106}},"41":{"start":{"line":199,"column":33},"end":{"line":199,"column":49}},"42":{"start":{"line":200,"column":37},"end":{"line":200,"column":52}},"43":{"start":{"line":201,"column":43},"end":{"line":201,"column":60}},"44":{"start":{"line":202,"column":34},"end":{"line":202,"column":48}},"45":{"start":{"line":203,"column":38},"end":{"line":203,"column":54}},"46":{"start":{"line":204,"column":79},"end":{"line":204,"column":210}},"47":{"start":{"line":205,"column":33},"end":{"line":205,"column":49}},"48":{"start":{"line":206,"column":35},"end":{"line":206,"column":52}},"49":{"start":{"line":210,"column":44},"end":{"line":210,"column":99}},"50":{"start":{"line":211,"column":40},"end":{"line":211,"column":111}},"51":{"start":{"line":212,"column":35},"end":{"line":212,"column":106}},"52":{"start":{"line":213,"column":33},"end":{"line":213,"column":49}},"53":{"start":{"line":214,"column":37},"end":{"line":214,"column":52}},"54":{"start":{"line":215,"column":43},"end":{"line":215,"column":60}},"55":{"start":{"line":216,"column":34},"end":{"line":216,"column":48}},"56":{"start":{"line":217,"column":38},"end":{"line":217,"column":54}},"57":{"start":{"line":218,"column":79},"end":{"line":218,"column":210}},"58":{"start":{"line":219,"column":33},"end":{"line":219,"column":49}},"59":{"start":{"line":220,"column":35},"end":{"line":220,"column":52}},"60":{"start":{"line":224,"column":44},"end":{"line":224,"column":99}},"61":{"start":{"line":225,"column":40},"end":{"line":225,"column":111}},"62":{"start":{"line":226,"column":35},"end":{"line":226,"column":106}},"63":{"start":{"line":227,"column":33},"end":{"line":227,"column":49}},"64":{"start":{"line":228,"column":37},"end":{"line":228,"column":52}},"65":{"start":{"line":229,"column":43},"end":{"line":229,"column":60}},"66":{"start":{"line":230,"column":34},"end":{"line":230,"column":48}},"67":{"start":{"line":231,"column":38},"end":{"line":231,"column":54}},"68":{"start":{"line":232,"column":79},"end":{"line":232,"column":210}},"69":{"start":{"line":233,"column":33},"end":{"line":233,"column":49}},"70":{"start":{"line":234,"column":35},"end":{"line":234,"column":52}},"71":{"start":{"line":238,"column":47},"end":{"line":238,"column":105}},"72":{"start":{"line":239,"column":42},"end":{"line":239,"column":117}},"73":{"start":{"line":240,"column":37},"end":{"line":240,"column":112}},"74":{"start":{"line":241,"column":34},"end":{"line":241,"column":51}},"75":{"start":{"line":242,"column":38},"end":{"line":242,"column":54}},"76":{"start":{"line":243,"column":44},"end":{"line":243,"column":62}},"77":{"start":{"line":244,"column":35},"end":{"line":244,"column":50}},"78":{"start":{"line":245,"column":39},"end":{"line":245,"column":56}},"79":{"start":{"line":246,"column":83},"end":{"line":246,"column":218}},"80":{"start":{"line":247,"column":34},"end":{"line":247,"column":51}},"81":{"start":{"line":248,"column":36},"end":{"line":248,"column":54}}},"fnMap":{"0":{"name":"Block","decl":{"start":{"line":131,"column":9},"end":{"line":131,"column":14}},"loc":{"start":{"line":137,"column":3},"end":{"line":150,"column":1}},"line":137},"1":{"name":"(anonymous_1)","decl":{"start":{"line":154,"column":11},"end":{"line":154,"column":12}},"loc":{"start":{"line":154,"column":59},"end":{"line":154,"column":187}},"line":154},"2":{"name":"(anonymous_2)","decl":{"start":{"line":155,"column":11},"end":{"line":155,"column":12}},"loc":{"start":{"line":155,"column":33},"end":{"line":155,"column":69}},"line":155},"3":{"name":"(anonymous_3)","decl":{"start":{"line":156,"column":15},"end":{"line":156,"column":16}},"loc":{"start":{"line":156,"column":43},"end":{"line":156,"column":123}},"line":156},"4":{"name":"(anonymous_4)","decl":{"start":{"line":157,"column":10},"end":{"line":157,"column":11}},"loc":{"start":{"line":157,"column":38},"end":{"line":157,"column":118}},"line":157},"5":{"name":"(anonymous_5)","decl":{"start":{"line":158,"column":11},"end":{"line":158,"column":12}},"loc":{"start":{"line":158,"column":37},"end":{"line":158,"column":63}},"line":158},"6":{"name":"(anonymous_6)","decl":{"start":{"line":159,"column":16},"end":{"line":159,"column":17}},"loc":{"start":{"line":159,"column":40},"end":{"line":159,"column":64}},"line":159},"7":{"name":"(anonymous_7)","decl":{"start":{"line":160,"column":20},"end":{"line":160,"column":21}},"loc":{"start":{"line":160,"column":48},"end":{"line":160,"column":76}},"line":160},"8":{"name":"(anonymous_8)","decl":{"start":{"line":161,"column":14},"end":{"line":161,"column":15}},"loc":{"start":{"line":161,"column":36},"end":{"line":161,"column":58}},"line":161},"9":{"name":"(anonymous_9)","decl":{"start":{"line":162,"column":16},"end":{"line":162,"column":17}},"loc":{"start":{"line":162,"column":42},"end":{"line":162,"column":68}},"line":162},"10":{"name":"(anonymous_10)","decl":{"start":{"line":163,"column":19},"end":{"line":163,"column":20}},"loc":{"start":{"line":163,"column":115},"end":{"line":163,"column":365}},"line":163},"11":{"name":"(anonymous_11)","decl":{"start":{"line":164,"column":11},"end":{"line":164,"column":12}},"loc":{"start":{"line":164,"column":37},"end":{"line":164,"column":63}},"line":164},"12":{"name":"(anonymous_12)","decl":{"start":{"line":165,"column":12},"end":{"line":165,"column":13}},"loc":{"start":{"line":165,"column":40},"end":{"line":165,"column":68}},"line":165},"13":{"name":"(anonymous_13)","decl":{"start":{"line":168,"column":19},"end":{"line":168,"column":20}},"loc":{"start":{"line":168,"column":48},"end":{"line":168,"column":103}},"line":168},"14":{"name":"(anonymous_14)","decl":{"start":{"line":169,"column":23},"end":{"line":169,"column":24}},"loc":{"start":{"line":169,"column":44},"end":{"line":169,"column":115}},"line":169},"15":{"name":"(anonymous_15)","decl":{"start":{"line":170,"column":18},"end":{"line":170,"column":19}},"loc":{"start":{"line":170,"column":39},"end":{"line":170,"column":110}},"line":170},"16":{"name":"(anonymous_16)","decl":{"start":{"line":171,"column":19},"end":{"line":171,"column":20}},"loc":{"start":{"line":171,"column":37},"end":{"line":171,"column":53}},"line":171},"17":{"name":"(anonymous_17)","decl":{"start":{"line":172,"column":24},"end":{"line":172,"column":25}},"loc":{"start":{"line":172,"column":41},"end":{"line":172,"column":56}},"line":172},"18":{"name":"(anonymous_18)","decl":{"start":{"line":173,"column":28},"end":{"line":173,"column":29}},"loc":{"start":{"line":173,"column":47},"end":{"line":173,"column":64}},"line":173},"19":{"name":"(anonymous_19)","decl":{"start":{"line":174,"column":22},"end":{"line":174,"column":23}},"loc":{"start":{"line":174,"column":38},"end":{"line":174,"column":52}},"line":174},"20":{"name":"(anonymous_20)","decl":{"start":{"line":175,"column":24},"end":{"line":175,"column":25}},"loc":{"start":{"line":175,"column":42},"end":{"line":175,"column":58}},"line":175},"21":{"name":"(anonymous_21)","decl":{"start":{"line":176,"column":27},"end":{"line":176,"column":28}},"loc":{"start":{"line":176,"column":83},"end":{"line":176,"column":214}},"line":176},"22":{"name":"(anonymous_22)","decl":{"start":{"line":177,"column":19},"end":{"line":177,"column":20}},"loc":{"start":{"line":177,"column":37},"end":{"line":177,"column":53}},"line":177},"23":{"name":"(anonymous_23)","decl":{"start":{"line":178,"column":20},"end":{"line":178,"column":21}},"loc":{"start":{"line":178,"column":39},"end":{"line":178,"column":56}},"line":178},"24":{"name":"(anonymous_24)","decl":{"start":{"line":182,"column":15},"end":{"line":182,"column":16}},"loc":{"start":{"line":182,"column":44},"end":{"line":182,"column":99}},"line":182},"25":{"name":"(anonymous_25)","decl":{"start":{"line":183,"column":19},"end":{"line":183,"column":20}},"loc":{"start":{"line":183,"column":40},"end":{"line":183,"column":111}},"line":183},"26":{"name":"(anonymous_26)","decl":{"start":{"line":184,"column":14},"end":{"line":184,"column":15}},"loc":{"start":{"line":184,"column":35},"end":{"line":184,"column":106}},"line":184},"27":{"name":"(anonymous_27)","decl":{"start":{"line":185,"column":15},"end":{"line":185,"column":16}},"loc":{"start":{"line":185,"column":33},"end":{"line":185,"column":49}},"line":185},"28":{"name":"(anonymous_28)","decl":{"start":{"line":186,"column":20},"end":{"line":186,"column":21}},"loc":{"start":{"line":186,"column":37},"end":{"line":186,"column":52}},"line":186},"29":{"name":"(anonymous_29)","decl":{"start":{"line":187,"column":24},"end":{"line":187,"column":25}},"loc":{"start":{"line":187,"column":43},"end":{"line":187,"column":60}},"line":187},"30":{"name":"(anonymous_30)","decl":{"start":{"line":188,"column":18},"end":{"line":188,"column":19}},"loc":{"start":{"line":188,"column":34},"end":{"line":188,"column":48}},"line":188},"31":{"name":"(anonymous_31)","decl":{"start":{"line":189,"column":20},"end":{"line":189,"column":21}},"loc":{"start":{"line":189,"column":38},"end":{"line":189,"column":54}},"line":189},"32":{"name":"(anonymous_32)","decl":{"start":{"line":190,"column":23},"end":{"line":190,"column":24}},"loc":{"start":{"line":190,"column":79},"end":{"line":190,"column":210}},"line":190},"33":{"name":"(anonymous_33)","decl":{"start":{"line":191,"column":15},"end":{"line":191,"column":16}},"loc":{"start":{"line":191,"column":33},"end":{"line":191,"column":49}},"line":191},"34":{"name":"(anonymous_34)","decl":{"start":{"line":192,"column":16},"end":{"line":192,"column":17}},"loc":{"start":{"line":192,"column":35},"end":{"line":192,"column":52}},"line":192},"35":{"name":"(anonymous_35)","decl":{"start":{"line":196,"column":15},"end":{"line":196,"column":16}},"loc":{"start":{"line":196,"column":44},"end":{"line":196,"column":97}},"line":196},"36":{"name":"(anonymous_36)","decl":{"start":{"line":197,"column":19},"end":{"line":197,"column":20}},"loc":{"start":{"line":197,"column":40},"end":{"line":197,"column":111}},"line":197},"37":{"name":"(anonymous_37)","decl":{"start":{"line":198,"column":14},"end":{"line":198,"column":15}},"loc":{"start":{"line":198,"column":35},"end":{"line":198,"column":106}},"line":198},"38":{"name":"(anonymous_38)","decl":{"start":{"line":199,"column":15},"end":{"line":199,"column":16}},"loc":{"start":{"line":199,"column":33},"end":{"line":199,"column":49}},"line":199},"39":{"name":"(anonymous_39)","decl":{"start":{"line":200,"column":20},"end":{"line":200,"column":21}},"loc":{"start":{"line":200,"column":37},"end":{"line":200,"column":52}},"line":200},"40":{"name":"(anonymous_40)","decl":{"start":{"line":201,"column":24},"end":{"line":201,"column":25}},"loc":{"start":{"line":201,"column":43},"end":{"line":201,"column":60}},"line":201},"41":{"name":"(anonymous_41)","decl":{"start":{"line":202,"column":18},"end":{"line":202,"column":19}},"loc":{"start":{"line":202,"column":34},"end":{"line":202,"column":48}},"line":202},"42":{"name":"(anonymous_42)","decl":{"start":{"line":203,"column":20},"end":{"line":203,"column":21}},"loc":{"start":{"line":203,"column":38},"end":{"line":203,"column":54}},"line":203},"43":{"name":"(anonymous_43)","decl":{"start":{"line":204,"column":23},"end":{"line":204,"column":24}},"loc":{"start":{"line":204,"column":79},"end":{"line":204,"column":210}},"line":204},"44":{"name":"(anonymous_44)","decl":{"start":{"line":205,"column":15},"end":{"line":205,"column":16}},"loc":{"start":{"line":205,"column":33},"end":{"line":205,"column":49}},"line":205},"45":{"name":"(anonymous_45)","decl":{"start":{"line":206,"column":16},"end":{"line":206,"column":17}},"loc":{"start":{"line":206,"column":35},"end":{"line":206,"column":52}},"line":206},"46":{"name":"(anonymous_46)","decl":{"start":{"line":210,"column":15},"end":{"line":210,"column":16}},"loc":{"start":{"line":210,"column":44},"end":{"line":210,"column":99}},"line":210},"47":{"name":"(anonymous_47)","decl":{"start":{"line":211,"column":19},"end":{"line":211,"column":20}},"loc":{"start":{"line":211,"column":40},"end":{"line":211,"column":111}},"line":211},"48":{"name":"(anonymous_48)","decl":{"start":{"line":212,"column":14},"end":{"line":212,"column":15}},"loc":{"start":{"line":212,"column":35},"end":{"line":212,"column":106}},"line":212},"49":{"name":"(anonymous_49)","decl":{"start":{"line":213,"column":15},"end":{"line":213,"column":16}},"loc":{"start":{"line":213,"column":33},"end":{"line":213,"column":49}},"line":213},"50":{"name":"(anonymous_50)","decl":{"start":{"line":214,"column":20},"end":{"line":214,"column":21}},"loc":{"start":{"line":214,"column":37},"end":{"line":214,"column":52}},"line":214},"51":{"name":"(anonymous_51)","decl":{"start":{"line":215,"column":24},"end":{"line":215,"column":25}},"loc":{"start":{"line":215,"column":43},"end":{"line":215,"column":60}},"line":215},"52":{"name":"(anonymous_52)","decl":{"start":{"line":216,"column":18},"end":{"line":216,"column":19}},"loc":{"start":{"line":216,"column":34},"end":{"line":216,"column":48}},"line":216},"53":{"name":"(anonymous_53)","decl":{"start":{"line":217,"column":20},"end":{"line":217,"column":21}},"loc":{"start":{"line":217,"column":38},"end":{"line":217,"column":54}},"line":217},"54":{"name":"(anonymous_54)","decl":{"start":{"line":218,"column":23},"end":{"line":218,"column":24}},"loc":{"start":{"line":218,"column":79},"end":{"line":218,"column":210}},"line":218},"55":{"name":"(anonymous_55)","decl":{"start":{"line":219,"column":15},"end":{"line":219,"column":16}},"loc":{"start":{"line":219,"column":33},"end":{"line":219,"column":49}},"line":219},"56":{"name":"(anonymous_56)","decl":{"start":{"line":220,"column":16},"end":{"line":220,"column":17}},"loc":{"start":{"line":220,"column":35},"end":{"line":220,"column":52}},"line":220},"57":{"name":"(anonymous_57)","decl":{"start":{"line":224,"column":15},"end":{"line":224,"column":16}},"loc":{"start":{"line":224,"column":44},"end":{"line":224,"column":99}},"line":224},"58":{"name":"(anonymous_58)","decl":{"start":{"line":225,"column":19},"end":{"line":225,"column":20}},"loc":{"start":{"line":225,"column":40},"end":{"line":225,"column":111}},"line":225},"59":{"name":"(anonymous_59)","decl":{"start":{"line":226,"column":14},"end":{"line":226,"column":15}},"loc":{"start":{"line":226,"column":35},"end":{"line":226,"column":106}},"line":226},"60":{"name":"(anonymous_60)","decl":{"start":{"line":227,"column":15},"end":{"line":227,"column":16}},"loc":{"start":{"line":227,"column":33},"end":{"line":227,"column":49}},"line":227},"61":{"name":"(anonymous_61)","decl":{"start":{"line":228,"column":20},"end":{"line":228,"column":21}},"loc":{"start":{"line":228,"column":37},"end":{"line":228,"column":52}},"line":228},"62":{"name":"(anonymous_62)","decl":{"start":{"line":229,"column":24},"end":{"line":229,"column":25}},"loc":{"start":{"line":229,"column":43},"end":{"line":229,"column":60}},"line":229},"63":{"name":"(anonymous_63)","decl":{"start":{"line":230,"column":18},"end":{"line":230,"column":19}},"loc":{"start":{"line":230,"column":34},"end":{"line":230,"column":48}},"line":230},"64":{"name":"(anonymous_64)","decl":{"start":{"line":231,"column":20},"end":{"line":231,"column":21}},"loc":{"start":{"line":231,"column":38},"end":{"line":231,"column":54}},"line":231},"65":{"name":"(anonymous_65)","decl":{"start":{"line":232,"column":23},"end":{"line":232,"column":24}},"loc":{"start":{"line":232,"column":79},"end":{"line":232,"column":210}},"line":232},"66":{"name":"(anonymous_66)","decl":{"start":{"line":233,"column":15},"end":{"line":233,"column":16}},"loc":{"start":{"line":233,"column":33},"end":{"line":233,"column":49}},"line":233},"67":{"name":"(anonymous_67)","decl":{"start":{"line":234,"column":16},"end":{"line":234,"column":17}},"loc":{"start":{"line":234,"column":35},"end":{"line":234,"column":52}},"line":234},"68":{"name":"(anonymous_68)","decl":{"start":{"line":238,"column":15},"end":{"line":238,"column":16}},"loc":{"start":{"line":238,"column":47},"end":{"line":238,"column":105}},"line":238},"69":{"name":"(anonymous_69)","decl":{"start":{"line":239,"column":19},"end":{"line":239,"column":20}},"loc":{"start":{"line":239,"column":42},"end":{"line":239,"column":117}},"line":239},"70":{"name":"(anonymous_70)","decl":{"start":{"line":240,"column":14},"end":{"line":240,"column":15}},"loc":{"start":{"line":240,"column":37},"end":{"line":240,"column":112}},"line":240},"71":{"name":"(anonymous_71)","decl":{"start":{"line":241,"column":15},"end":{"line":241,"column":16}},"loc":{"start":{"line":241,"column":34},"end":{"line":241,"column":51}},"line":241},"72":{"name":"(anonymous_72)","decl":{"start":{"line":242,"column":20},"end":{"line":242,"column":21}},"loc":{"start":{"line":242,"column":38},"end":{"line":242,"column":54}},"line":242},"73":{"name":"(anonymous_73)","decl":{"start":{"line":243,"column":24},"end":{"line":243,"column":25}},"loc":{"start":{"line":243,"column":44},"end":{"line":243,"column":62}},"line":243},"74":{"name":"(anonymous_74)","decl":{"start":{"line":244,"column":18},"end":{"line":244,"column":19}},"loc":{"start":{"line":244,"column":35},"end":{"line":244,"column":50}},"line":244},"75":{"name":"(anonymous_75)","decl":{"start":{"line":245,"column":20},"end":{"line":245,"column":21}},"loc":{"start":{"line":245,"column":39},"end":{"line":245,"column":56}},"line":245},"76":{"name":"(anonymous_76)","decl":{"start":{"line":246,"column":23},"end":{"line":246,"column":24}},"loc":{"start":{"line":246,"column":83},"end":{"line":246,"column":218}},"line":246},"77":{"name":"(anonymous_77)","decl":{"start":{"line":247,"column":15},"end":{"line":247,"column":16}},"loc":{"start":{"line":247,"column":34},"end":{"line":247,"column":51}},"line":247},"78":{"name":"(anonymous_78)","decl":{"start":{"line":248,"column":16},"end":{"line":248,"column":17}},"loc":{"start":{"line":248,"column":36},"end":{"line":248,"column":54}},"line":248}},"branchMap":{"0":{"loc":{"start":{"line":132,"column":4},"end":{"line":132,"column":19}},"type":"default-arg","locations":[{"start":{"line":132,"column":15},"end":{"line":132,"column":19}}],"line":132},"1":{"loc":{"start":{"line":133,"column":4},"end":{"line":133,"column":20}},"type":"default-arg","locations":[{"start":{"line":133,"column":16},"end":{"line":133,"column":20}}],"line":133},"2":{"loc":{"start":{"line":134,"column":4},"end":{"line":134,"column":13}},"type":"default-arg","locations":[{"start":{"line":134,"column":9},"end":{"line":134,"column":13}}],"line":134},"3":{"loc":{"start":{"line":135,"column":4},"end":{"line":135,"column":14}},"type":"default-arg","locations":[{"start":{"line":135,"column":12},"end":{"line":135,"column":14}}],"line":135},"4":{"loc":{"start":{"line":136,"column":4},"end":{"line":136,"column":14}},"type":"default-arg","locations":[{"start":{"line":136,"column":9},"end":{"line":136,"column":14}}],"line":136},"5":{"loc":{"start":{"line":154,"column":59},"end":{"line":154,"column":187}},"type":"binary-expr","locations":[{"start":{"line":154,"column":60},"end":{"line":154,"column":67}},{"start":{"line":154,"column":71},"end":{"line":154,"column":78}},{"start":{"line":154,"column":84},"end":{"line":154,"column":97}},{"start":{"line":154,"column":101},"end":{"line":154,"column":115}},{"start":{"line":154,"column":121},"end":{"line":154,"column":129}},{"start":{"line":154,"column":133},"end":{"line":154,"column":141}},{"start":{"line":154,"column":147},"end":{"line":154,"column":159}},{"start":{"line":154,"column":163},"end":{"line":154,"column":176}},{"start":{"line":154,"column":181},"end":{"line":154,"column":187}}],"line":154},"6":{"loc":{"start":{"line":155,"column":33},"end":{"line":155,"column":69}},"type":"binary-expr","locations":[{"start":{"line":155,"column":33},"end":{"line":155,"column":41}},{"start":{"line":155,"column":45},"end":{"line":155,"column":51}},{"start":{"line":155,"column":55},"end":{"line":155,"column":61}},{"start":{"line":155,"column":65},"end":{"line":155,"column":69}}],"line":155},"7":{"loc":{"start":{"line":156,"column":43},"end":{"line":156,"column":123}},"type":"binary-expr","locations":[{"start":{"line":156,"column":44},"end":{"line":156,"column":94}},{"start":{"line":156,"column":99},"end":{"line":156,"column":106}},{"start":{"line":156,"column":110},"end":{"line":156,"column":115}},{"start":{"line":156,"column":119},"end":{"line":156,"column":123}}],"line":156},"8":{"loc":{"start":{"line":156,"column":44},"end":{"line":156,"column":94}},"type":"cond-expr","locations":[{"start":{"line":156,"column":58},"end":{"line":156,"column":64}},{"start":{"line":156,"column":67},"end":{"line":156,"column":94}}],"line":156},"9":{"loc":{"start":{"line":156,"column":67},"end":{"line":156,"column":94}},"type":"binary-expr","locations":[{"start":{"line":156,"column":67},"end":{"line":156,"column":71}},{"start":{"line":156,"column":75},"end":{"line":156,"column":94}}],"line":156},"10":{"loc":{"start":{"line":157,"column":38},"end":{"line":157,"column":118}},"type":"binary-expr","locations":[{"start":{"line":157,"column":39},"end":{"line":157,"column":89}},{"start":{"line":157,"column":94},"end":{"line":157,"column":101}},{"start":{"line":157,"column":105},"end":{"line":157,"column":110}},{"start":{"line":157,"column":114},"end":{"line":157,"column":118}}],"line":157},"11":{"loc":{"start":{"line":157,"column":39},"end":{"line":157,"column":89}},"type":"cond-expr","locations":[{"start":{"line":157,"column":53},"end":{"line":157,"column":59}},{"start":{"line":157,"column":62},"end":{"line":157,"column":89}}],"line":157},"12":{"loc":{"start":{"line":157,"column":62},"end":{"line":157,"column":89}},"type":"binary-expr","locations":[{"start":{"line":157,"column":62},"end":{"line":157,"column":66}},{"start":{"line":157,"column":70},"end":{"line":157,"column":89}}],"line":157},"13":{"loc":{"start":{"line":158,"column":37},"end":{"line":158,"column":63}},"type":"binary-expr","locations":[{"start":{"line":158,"column":37},"end":{"line":158,"column":45}},{"start":{"line":158,"column":49},"end":{"line":158,"column":55}},{"start":{"line":158,"column":59},"end":{"line":158,"column":63}}],"line":158},"14":{"loc":{"start":{"line":159,"column":40},"end":{"line":159,"column":64}},"type":"binary-expr","locations":[{"start":{"line":159,"column":40},"end":{"line":159,"column":47}},{"start":{"line":159,"column":51},"end":{"line":159,"column":56}},{"start":{"line":159,"column":60},"end":{"line":159,"column":64}}],"line":159},"15":{"loc":{"start":{"line":160,"column":48},"end":{"line":160,"column":76}},"type":"binary-expr","locations":[{"start":{"line":160,"column":48},"end":{"line":160,"column":57}},{"start":{"line":160,"column":61},"end":{"line":160,"column":68}},{"start":{"line":160,"column":72},"end":{"line":160,"column":76}}],"line":160},"16":{"loc":{"start":{"line":161,"column":36},"end":{"line":161,"column":58}},"type":"binary-expr","locations":[{"start":{"line":161,"column":36},"end":{"line":161,"column":42}},{"start":{"line":161,"column":46},"end":{"line":161,"column":50}},{"start":{"line":161,"column":54},"end":{"line":161,"column":58}}],"line":161},"17":{"loc":{"start":{"line":162,"column":42},"end":{"line":162,"column":68}},"type":"binary-expr","locations":[{"start":{"line":162,"column":42},"end":{"line":162,"column":50}},{"start":{"line":162,"column":54},"end":{"line":162,"column":60}},{"start":{"line":162,"column":64},"end":{"line":162,"column":68}}],"line":162},"18":{"loc":{"start":{"line":163,"column":115},"end":{"line":163,"column":365}},"type":"binary-expr","locations":[{"start":{"line":163,"column":116},"end":{"line":163,"column":123}},{"start":{"line":163,"column":127},"end":{"line":163,"column":132}},{"start":{"line":163,"column":138},"end":{"line":163,"column":143}},{"start":{"line":163,"column":147},"end":{"line":163,"column":152}},{"start":{"line":163,"column":158},"end":{"line":163,"column":168}},{"start":{"line":163,"column":172},"end":{"line":163,"column":180}},{"start":{"line":163,"column":186},"end":{"line":163,"column":194}},{"start":{"line":163,"column":198},"end":{"line":163,"column":206}},{"start":{"line":163,"column":212},"end":{"line":163,"column":226}},{"start":{"line":163,"column":230},"end":{"line":163,"column":243}},{"start":{"line":163,"column":249},"end":{"line":163,"column":261}},{"start":{"line":163,"column":265},"end":{"line":163,"column":278}},{"start":{"line":163,"column":284},"end":{"line":163,"column":301}},{"start":{"line":163,"column":305},"end":{"line":163,"column":318}},{"start":{"line":163,"column":324},"end":{"line":163,"column":339}},{"start":{"line":163,"column":343},"end":{"line":163,"column":356}},{"start":{"line":163,"column":361},"end":{"line":163,"column":365}}],"line":163},"19":{"loc":{"start":{"line":164,"column":37},"end":{"line":164,"column":63}},"type":"binary-expr","locations":[{"start":{"line":164,"column":37},"end":{"line":164,"column":45}},{"start":{"line":164,"column":49},"end":{"line":164,"column":55}},{"start":{"line":164,"column":59},"end":{"line":164,"column":63}}],"line":164},"20":{"loc":{"start":{"line":165,"column":40},"end":{"line":165,"column":68}},"type":"binary-expr","locations":[{"start":{"line":165,"column":40},"end":{"line":165,"column":49}},{"start":{"line":165,"column":53},"end":{"line":165,"column":60}},{"start":{"line":165,"column":64},"end":{"line":165,"column":68}}],"line":165},"21":{"loc":{"start":{"line":168,"column":48},"end":{"line":168,"column":103}},"type":"cond-expr","locations":[{"start":{"line":168,"column":59},"end":{"line":168,"column":65}},{"start":{"line":168,"column":68},"end":{"line":168,"column":103}}],"line":168},"22":{"loc":{"start":{"line":168,"column":68},"end":{"line":168,"column":103}},"type":"cond-expr","locations":[{"start":{"line":168,"column":90},"end":{"line":168,"column":96}},{"start":{"line":168,"column":99},"end":{"line":168,"column":103}}],"line":168},"23":{"loc":{"start":{"line":168,"column":69},"end":{"line":168,"column":86}},"type":"binary-expr","locations":[{"start":{"line":168,"column":69},"end":{"line":168,"column":73}},{"start":{"line":168,"column":77},"end":{"line":168,"column":86}}],"line":168},"24":{"loc":{"start":{"line":169,"column":44},"end":{"line":169,"column":115}},"type":"binary-expr","locations":[{"start":{"line":169,"column":45},"end":{"line":169,"column":95}},{"start":{"line":169,"column":100},"end":{"line":169,"column":107}},{"start":{"line":169,"column":111},"end":{"line":169,"column":115}}],"line":169},"25":{"loc":{"start":{"line":169,"column":45},"end":{"line":169,"column":95}},"type":"cond-expr","locations":[{"start":{"line":169,"column":59},"end":{"line":169,"column":65}},{"start":{"line":169,"column":68},"end":{"line":169,"column":95}}],"line":169},"26":{"loc":{"start":{"line":169,"column":68},"end":{"line":169,"column":95}},"type":"binary-expr","locations":[{"start":{"line":169,"column":68},"end":{"line":169,"column":72}},{"start":{"line":169,"column":76},"end":{"line":169,"column":95}}],"line":169},"27":{"loc":{"start":{"line":170,"column":39},"end":{"line":170,"column":110}},"type":"binary-expr","locations":[{"start":{"line":170,"column":40},"end":{"line":170,"column":90}},{"start":{"line":170,"column":95},"end":{"line":170,"column":102}},{"start":{"line":170,"column":106},"end":{"line":170,"column":110}}],"line":170},"28":{"loc":{"start":{"line":170,"column":40},"end":{"line":170,"column":90}},"type":"cond-expr","locations":[{"start":{"line":170,"column":54},"end":{"line":170,"column":60}},{"start":{"line":170,"column":63},"end":{"line":170,"column":90}}],"line":170},"29":{"loc":{"start":{"line":170,"column":63},"end":{"line":170,"column":90}},"type":"binary-expr","locations":[{"start":{"line":170,"column":63},"end":{"line":170,"column":67}},{"start":{"line":170,"column":71},"end":{"line":170,"column":90}}],"line":170},"30":{"loc":{"start":{"line":171,"column":37},"end":{"line":171,"column":53}},"type":"binary-expr","locations":[{"start":{"line":171,"column":37},"end":{"line":171,"column":45}},{"start":{"line":171,"column":49},"end":{"line":171,"column":53}}],"line":171},"31":{"loc":{"start":{"line":172,"column":41},"end":{"line":172,"column":56}},"type":"binary-expr","locations":[{"start":{"line":172,"column":41},"end":{"line":172,"column":48}},{"start":{"line":172,"column":52},"end":{"line":172,"column":56}}],"line":172},"32":{"loc":{"start":{"line":173,"column":47},"end":{"line":173,"column":64}},"type":"binary-expr","locations":[{"start":{"line":173,"column":47},"end":{"line":173,"column":56}},{"start":{"line":173,"column":60},"end":{"line":173,"column":64}}],"line":173},"33":{"loc":{"start":{"line":174,"column":38},"end":{"line":174,"column":52}},"type":"binary-expr","locations":[{"start":{"line":174,"column":38},"end":{"line":174,"column":44}},{"start":{"line":174,"column":48},"end":{"line":174,"column":52}}],"line":174},"34":{"loc":{"start":{"line":175,"column":42},"end":{"line":175,"column":58}},"type":"binary-expr","locations":[{"start":{"line":175,"column":42},"end":{"line":175,"column":50}},{"start":{"line":175,"column":54},"end":{"line":175,"column":58}}],"line":175},"35":{"loc":{"start":{"line":176,"column":83},"end":{"line":176,"column":214}},"type":"binary-expr","locations":[{"start":{"line":176,"column":84},"end":{"line":176,"column":91}},{"start":{"line":176,"column":95},"end":{"line":176,"column":100}},{"start":{"line":176,"column":106},"end":{"line":176,"column":116}},{"start":{"line":176,"column":120},"end":{"line":176,"column":128}},{"start":{"line":176,"column":134},"end":{"line":176,"column":148}},{"start":{"line":176,"column":152},"end":{"line":176,"column":165}},{"start":{"line":176,"column":171},"end":{"line":176,"column":188}},{"start":{"line":176,"column":192},"end":{"line":176,"column":205}},{"start":{"line":176,"column":210},"end":{"line":176,"column":214}}],"line":176},"36":{"loc":{"start":{"line":177,"column":37},"end":{"line":177,"column":53}},"type":"binary-expr","locations":[{"start":{"line":177,"column":37},"end":{"line":177,"column":45}},{"start":{"line":177,"column":49},"end":{"line":177,"column":53}}],"line":177},"37":{"loc":{"start":{"line":178,"column":39},"end":{"line":178,"column":56}},"type":"binary-expr","locations":[{"start":{"line":178,"column":39},"end":{"line":178,"column":48}},{"start":{"line":178,"column":52},"end":{"line":178,"column":56}}],"line":178},"38":{"loc":{"start":{"line":182,"column":44},"end":{"line":182,"column":99}},"type":"cond-expr","locations":[{"start":{"line":182,"column":55},"end":{"line":182,"column":61}},{"start":{"line":182,"column":64},"end":{"line":182,"column":99}}],"line":182},"39":{"loc":{"start":{"line":182,"column":64},"end":{"line":182,"column":99}},"type":"cond-expr","locations":[{"start":{"line":182,"column":86},"end":{"line":182,"column":92}},{"start":{"line":182,"column":95},"end":{"line":182,"column":99}}],"line":182},"40":{"loc":{"start":{"line":182,"column":65},"end":{"line":182,"column":82}},"type":"binary-expr","locations":[{"start":{"line":182,"column":65},"end":{"line":182,"column":69}},{"start":{"line":182,"column":73},"end":{"line":182,"column":82}}],"line":182},"41":{"loc":{"start":{"line":183,"column":40},"end":{"line":183,"column":111}},"type":"binary-expr","locations":[{"start":{"line":183,"column":41},"end":{"line":183,"column":91}},{"start":{"line":183,"column":96},"end":{"line":183,"column":103}},{"start":{"line":183,"column":107},"end":{"line":183,"column":111}}],"line":183},"42":{"loc":{"start":{"line":183,"column":41},"end":{"line":183,"column":91}},"type":"cond-expr","locations":[{"start":{"line":183,"column":55},"end":{"line":183,"column":61}},{"start":{"line":183,"column":64},"end":{"line":183,"column":91}}],"line":183},"43":{"loc":{"start":{"line":183,"column":64},"end":{"line":183,"column":91}},"type":"binary-expr","locations":[{"start":{"line":183,"column":64},"end":{"line":183,"column":68}},{"start":{"line":183,"column":72},"end":{"line":183,"column":91}}],"line":183},"44":{"loc":{"start":{"line":184,"column":35},"end":{"line":184,"column":106}},"type":"binary-expr","locations":[{"start":{"line":184,"column":36},"end":{"line":184,"column":86}},{"start":{"line":184,"column":91},"end":{"line":184,"column":98}},{"start":{"line":184,"column":102},"end":{"line":184,"column":106}}],"line":184},"45":{"loc":{"start":{"line":184,"column":36},"end":{"line":184,"column":86}},"type":"cond-expr","locations":[{"start":{"line":184,"column":50},"end":{"line":184,"column":56}},{"start":{"line":184,"column":59},"end":{"line":184,"column":86}}],"line":184},"46":{"loc":{"start":{"line":184,"column":59},"end":{"line":184,"column":86}},"type":"binary-expr","locations":[{"start":{"line":184,"column":59},"end":{"line":184,"column":63}},{"start":{"line":184,"column":67},"end":{"line":184,"column":86}}],"line":184},"47":{"loc":{"start":{"line":185,"column":33},"end":{"line":185,"column":49}},"type":"binary-expr","locations":[{"start":{"line":185,"column":33},"end":{"line":185,"column":41}},{"start":{"line":185,"column":45},"end":{"line":185,"column":49}}],"line":185},"48":{"loc":{"start":{"line":186,"column":37},"end":{"line":186,"column":52}},"type":"binary-expr","locations":[{"start":{"line":186,"column":37},"end":{"line":186,"column":44}},{"start":{"line":186,"column":48},"end":{"line":186,"column":52}}],"line":186},"49":{"loc":{"start":{"line":187,"column":43},"end":{"line":187,"column":60}},"type":"binary-expr","locations":[{"start":{"line":187,"column":43},"end":{"line":187,"column":52}},{"start":{"line":187,"column":56},"end":{"line":187,"column":60}}],"line":187},"50":{"loc":{"start":{"line":188,"column":34},"end":{"line":188,"column":48}},"type":"binary-expr","locations":[{"start":{"line":188,"column":34},"end":{"line":188,"column":40}},{"start":{"line":188,"column":44},"end":{"line":188,"column":48}}],"line":188},"51":{"loc":{"start":{"line":189,"column":38},"end":{"line":189,"column":54}},"type":"binary-expr","locations":[{"start":{"line":189,"column":38},"end":{"line":189,"column":46}},{"start":{"line":189,"column":50},"end":{"line":189,"column":54}}],"line":189},"52":{"loc":{"start":{"line":190,"column":79},"end":{"line":190,"column":210}},"type":"binary-expr","locations":[{"start":{"line":190,"column":80},"end":{"line":190,"column":87}},{"start":{"line":190,"column":91},"end":{"line":190,"column":96}},{"start":{"line":190,"column":102},"end":{"line":190,"column":112}},{"start":{"line":190,"column":116},"end":{"line":190,"column":124}},{"start":{"line":190,"column":130},"end":{"line":190,"column":144}},{"start":{"line":190,"column":148},"end":{"line":190,"column":161}},{"start":{"line":190,"column":167},"end":{"line":190,"column":184}},{"start":{"line":190,"column":188},"end":{"line":190,"column":201}},{"start":{"line":190,"column":206},"end":{"line":190,"column":210}}],"line":190},"53":{"loc":{"start":{"line":191,"column":33},"end":{"line":191,"column":49}},"type":"binary-expr","locations":[{"start":{"line":191,"column":33},"end":{"line":191,"column":41}},{"start":{"line":191,"column":45},"end":{"line":191,"column":49}}],"line":191},"54":{"loc":{"start":{"line":192,"column":35},"end":{"line":192,"column":52}},"type":"binary-expr","locations":[{"start":{"line":192,"column":35},"end":{"line":192,"column":44}},{"start":{"line":192,"column":48},"end":{"line":192,"column":52}}],"line":192},"55":{"loc":{"start":{"line":196,"column":44},"end":{"line":196,"column":97}},"type":"cond-expr","locations":[{"start":{"line":196,"column":55},"end":{"line":196,"column":61}},{"start":{"line":196,"column":64},"end":{"line":196,"column":97}}],"line":196},"56":{"loc":{"start":{"line":196,"column":64},"end":{"line":196,"column":97}},"type":"cond-expr","locations":[{"start":{"line":196,"column":84},"end":{"line":196,"column":90}},{"start":{"line":196,"column":93},"end":{"line":196,"column":97}}],"line":196},"57":{"loc":{"start":{"line":196,"column":64},"end":{"line":196,"column":81}},"type":"binary-expr","locations":[{"start":{"line":196,"column":64},"end":{"line":196,"column":68}},{"start":{"line":196,"column":72},"end":{"line":196,"column":81}}],"line":196},"58":{"loc":{"start":{"line":197,"column":40},"end":{"line":197,"column":111}},"type":"binary-expr","locations":[{"start":{"line":197,"column":41},"end":{"line":197,"column":91}},{"start":{"line":197,"column":96},"end":{"line":197,"column":103}},{"start":{"line":197,"column":107},"end":{"line":197,"column":111}}],"line":197},"59":{"loc":{"start":{"line":197,"column":41},"end":{"line":197,"column":91}},"type":"cond-expr","locations":[{"start":{"line":197,"column":55},"end":{"line":197,"column":61}},{"start":{"line":197,"column":64},"end":{"line":197,"column":91}}],"line":197},"60":{"loc":{"start":{"line":197,"column":64},"end":{"line":197,"column":91}},"type":"binary-expr","locations":[{"start":{"line":197,"column":64},"end":{"line":197,"column":68}},{"start":{"line":197,"column":72},"end":{"line":197,"column":91}}],"line":197},"61":{"loc":{"start":{"line":198,"column":35},"end":{"line":198,"column":106}},"type":"binary-expr","locations":[{"start":{"line":198,"column":36},"end":{"line":198,"column":86}},{"start":{"line":198,"column":91},"end":{"line":198,"column":98}},{"start":{"line":198,"column":102},"end":{"line":198,"column":106}}],"line":198},"62":{"loc":{"start":{"line":198,"column":36},"end":{"line":198,"column":86}},"type":"cond-expr","locations":[{"start":{"line":198,"column":50},"end":{"line":198,"column":56}},{"start":{"line":198,"column":59},"end":{"line":198,"column":86}}],"line":198},"63":{"loc":{"start":{"line":198,"column":59},"end":{"line":198,"column":86}},"type":"binary-expr","locations":[{"start":{"line":198,"column":59},"end":{"line":198,"column":63}},{"start":{"line":198,"column":67},"end":{"line":198,"column":86}}],"line":198},"64":{"loc":{"start":{"line":199,"column":33},"end":{"line":199,"column":49}},"type":"binary-expr","locations":[{"start":{"line":199,"column":33},"end":{"line":199,"column":41}},{"start":{"line":199,"column":45},"end":{"line":199,"column":49}}],"line":199},"65":{"loc":{"start":{"line":200,"column":37},"end":{"line":200,"column":52}},"type":"binary-expr","locations":[{"start":{"line":200,"column":37},"end":{"line":200,"column":44}},{"start":{"line":200,"column":48},"end":{"line":200,"column":52}}],"line":200},"66":{"loc":{"start":{"line":201,"column":43},"end":{"line":201,"column":60}},"type":"binary-expr","locations":[{"start":{"line":201,"column":43},"end":{"line":201,"column":52}},{"start":{"line":201,"column":56},"end":{"line":201,"column":60}}],"line":201},"67":{"loc":{"start":{"line":202,"column":34},"end":{"line":202,"column":48}},"type":"binary-expr","locations":[{"start":{"line":202,"column":34},"end":{"line":202,"column":40}},{"start":{"line":202,"column":44},"end":{"line":202,"column":48}}],"line":202},"68":{"loc":{"start":{"line":203,"column":38},"end":{"line":203,"column":54}},"type":"binary-expr","locations":[{"start":{"line":203,"column":38},"end":{"line":203,"column":46}},{"start":{"line":203,"column":50},"end":{"line":203,"column":54}}],"line":203},"69":{"loc":{"start":{"line":204,"column":79},"end":{"line":204,"column":210}},"type":"binary-expr","locations":[{"start":{"line":204,"column":80},"end":{"line":204,"column":87}},{"start":{"line":204,"column":91},"end":{"line":204,"column":96}},{"start":{"line":204,"column":102},"end":{"line":204,"column":112}},{"start":{"line":204,"column":116},"end":{"line":204,"column":124}},{"start":{"line":204,"column":130},"end":{"line":204,"column":144}},{"start":{"line":204,"column":148},"end":{"line":204,"column":161}},{"start":{"line":204,"column":167},"end":{"line":204,"column":184}},{"start":{"line":204,"column":188},"end":{"line":204,"column":201}},{"start":{"line":204,"column":206},"end":{"line":204,"column":210}}],"line":204},"70":{"loc":{"start":{"line":205,"column":33},"end":{"line":205,"column":49}},"type":"binary-expr","locations":[{"start":{"line":205,"column":33},"end":{"line":205,"column":41}},{"start":{"line":205,"column":45},"end":{"line":205,"column":49}}],"line":205},"71":{"loc":{"start":{"line":206,"column":35},"end":{"line":206,"column":52}},"type":"binary-expr","locations":[{"start":{"line":206,"column":35},"end":{"line":206,"column":44}},{"start":{"line":206,"column":48},"end":{"line":206,"column":52}}],"line":206},"72":{"loc":{"start":{"line":210,"column":44},"end":{"line":210,"column":99}},"type":"cond-expr","locations":[{"start":{"line":210,"column":55},"end":{"line":210,"column":61}},{"start":{"line":210,"column":64},"end":{"line":210,"column":99}}],"line":210},"73":{"loc":{"start":{"line":210,"column":64},"end":{"line":210,"column":99}},"type":"cond-expr","locations":[{"start":{"line":210,"column":86},"end":{"line":210,"column":92}},{"start":{"line":210,"column":95},"end":{"line":210,"column":99}}],"line":210},"74":{"loc":{"start":{"line":210,"column":65},"end":{"line":210,"column":82}},"type":"binary-expr","locations":[{"start":{"line":210,"column":65},"end":{"line":210,"column":69}},{"start":{"line":210,"column":73},"end":{"line":210,"column":82}}],"line":210},"75":{"loc":{"start":{"line":211,"column":40},"end":{"line":211,"column":111}},"type":"binary-expr","locations":[{"start":{"line":211,"column":41},"end":{"line":211,"column":91}},{"start":{"line":211,"column":96},"end":{"line":211,"column":103}},{"start":{"line":211,"column":107},"end":{"line":211,"column":111}}],"line":211},"76":{"loc":{"start":{"line":211,"column":41},"end":{"line":211,"column":91}},"type":"cond-expr","locations":[{"start":{"line":211,"column":55},"end":{"line":211,"column":61}},{"start":{"line":211,"column":64},"end":{"line":211,"column":91}}],"line":211},"77":{"loc":{"start":{"line":211,"column":64},"end":{"line":211,"column":91}},"type":"binary-expr","locations":[{"start":{"line":211,"column":64},"end":{"line":211,"column":68}},{"start":{"line":211,"column":72},"end":{"line":211,"column":91}}],"line":211},"78":{"loc":{"start":{"line":212,"column":35},"end":{"line":212,"column":106}},"type":"binary-expr","locations":[{"start":{"line":212,"column":36},"end":{"line":212,"column":86}},{"start":{"line":212,"column":91},"end":{"line":212,"column":98}},{"start":{"line":212,"column":102},"end":{"line":212,"column":106}}],"line":212},"79":{"loc":{"start":{"line":212,"column":36},"end":{"line":212,"column":86}},"type":"cond-expr","locations":[{"start":{"line":212,"column":50},"end":{"line":212,"column":56}},{"start":{"line":212,"column":59},"end":{"line":212,"column":86}}],"line":212},"80":{"loc":{"start":{"line":212,"column":59},"end":{"line":212,"column":86}},"type":"binary-expr","locations":[{"start":{"line":212,"column":59},"end":{"line":212,"column":63}},{"start":{"line":212,"column":67},"end":{"line":212,"column":86}}],"line":212},"81":{"loc":{"start":{"line":213,"column":33},"end":{"line":213,"column":49}},"type":"binary-expr","locations":[{"start":{"line":213,"column":33},"end":{"line":213,"column":41}},{"start":{"line":213,"column":45},"end":{"line":213,"column":49}}],"line":213},"82":{"loc":{"start":{"line":214,"column":37},"end":{"line":214,"column":52}},"type":"binary-expr","locations":[{"start":{"line":214,"column":37},"end":{"line":214,"column":44}},{"start":{"line":214,"column":48},"end":{"line":214,"column":52}}],"line":214},"83":{"loc":{"start":{"line":215,"column":43},"end":{"line":215,"column":60}},"type":"binary-expr","locations":[{"start":{"line":215,"column":43},"end":{"line":215,"column":52}},{"start":{"line":215,"column":56},"end":{"line":215,"column":60}}],"line":215},"84":{"loc":{"start":{"line":216,"column":34},"end":{"line":216,"column":48}},"type":"binary-expr","locations":[{"start":{"line":216,"column":34},"end":{"line":216,"column":40}},{"start":{"line":216,"column":44},"end":{"line":216,"column":48}}],"line":216},"85":{"loc":{"start":{"line":217,"column":38},"end":{"line":217,"column":54}},"type":"binary-expr","locations":[{"start":{"line":217,"column":38},"end":{"line":217,"column":46}},{"start":{"line":217,"column":50},"end":{"line":217,"column":54}}],"line":217},"86":{"loc":{"start":{"line":218,"column":79},"end":{"line":218,"column":210}},"type":"binary-expr","locations":[{"start":{"line":218,"column":80},"end":{"line":218,"column":87}},{"start":{"line":218,"column":91},"end":{"line":218,"column":96}},{"start":{"line":218,"column":102},"end":{"line":218,"column":112}},{"start":{"line":218,"column":116},"end":{"line":218,"column":124}},{"start":{"line":218,"column":130},"end":{"line":218,"column":144}},{"start":{"line":218,"column":148},"end":{"line":218,"column":161}},{"start":{"line":218,"column":167},"end":{"line":218,"column":184}},{"start":{"line":218,"column":188},"end":{"line":218,"column":201}},{"start":{"line":218,"column":206},"end":{"line":218,"column":210}}],"line":218},"87":{"loc":{"start":{"line":219,"column":33},"end":{"line":219,"column":49}},"type":"binary-expr","locations":[{"start":{"line":219,"column":33},"end":{"line":219,"column":41}},{"start":{"line":219,"column":45},"end":{"line":219,"column":49}}],"line":219},"88":{"loc":{"start":{"line":220,"column":35},"end":{"line":220,"column":52}},"type":"binary-expr","locations":[{"start":{"line":220,"column":35},"end":{"line":220,"column":44}},{"start":{"line":220,"column":48},"end":{"line":220,"column":52}}],"line":220},"89":{"loc":{"start":{"line":224,"column":44},"end":{"line":224,"column":99}},"type":"cond-expr","locations":[{"start":{"line":224,"column":55},"end":{"line":224,"column":61}},{"start":{"line":224,"column":64},"end":{"line":224,"column":99}}],"line":224},"90":{"loc":{"start":{"line":224,"column":64},"end":{"line":224,"column":99}},"type":"cond-expr","locations":[{"start":{"line":224,"column":86},"end":{"line":224,"column":92}},{"start":{"line":224,"column":95},"end":{"line":224,"column":99}}],"line":224},"91":{"loc":{"start":{"line":224,"column":65},"end":{"line":224,"column":82}},"type":"binary-expr","locations":[{"start":{"line":224,"column":65},"end":{"line":224,"column":69}},{"start":{"line":224,"column":73},"end":{"line":224,"column":82}}],"line":224},"92":{"loc":{"start":{"line":225,"column":40},"end":{"line":225,"column":111}},"type":"binary-expr","locations":[{"start":{"line":225,"column":41},"end":{"line":225,"column":91}},{"start":{"line":225,"column":96},"end":{"line":225,"column":103}},{"start":{"line":225,"column":107},"end":{"line":225,"column":111}}],"line":225},"93":{"loc":{"start":{"line":225,"column":41},"end":{"line":225,"column":91}},"type":"cond-expr","locations":[{"start":{"line":225,"column":55},"end":{"line":225,"column":61}},{"start":{"line":225,"column":64},"end":{"line":225,"column":91}}],"line":225},"94":{"loc":{"start":{"line":225,"column":64},"end":{"line":225,"column":91}},"type":"binary-expr","locations":[{"start":{"line":225,"column":64},"end":{"line":225,"column":68}},{"start":{"line":225,"column":72},"end":{"line":225,"column":91}}],"line":225},"95":{"loc":{"start":{"line":226,"column":35},"end":{"line":226,"column":106}},"type":"binary-expr","locations":[{"start":{"line":226,"column":36},"end":{"line":226,"column":86}},{"start":{"line":226,"column":91},"end":{"line":226,"column":98}},{"start":{"line":226,"column":102},"end":{"line":226,"column":106}}],"line":226},"96":{"loc":{"start":{"line":226,"column":36},"end":{"line":226,"column":86}},"type":"cond-expr","locations":[{"start":{"line":226,"column":50},"end":{"line":226,"column":56}},{"start":{"line":226,"column":59},"end":{"line":226,"column":86}}],"line":226},"97":{"loc":{"start":{"line":226,"column":59},"end":{"line":226,"column":86}},"type":"binary-expr","locations":[{"start":{"line":226,"column":59},"end":{"line":226,"column":63}},{"start":{"line":226,"column":67},"end":{"line":226,"column":86}}],"line":226},"98":{"loc":{"start":{"line":227,"column":33},"end":{"line":227,"column":49}},"type":"binary-expr","locations":[{"start":{"line":227,"column":33},"end":{"line":227,"column":41}},{"start":{"line":227,"column":45},"end":{"line":227,"column":49}}],"line":227},"99":{"loc":{"start":{"line":228,"column":37},"end":{"line":228,"column":52}},"type":"binary-expr","locations":[{"start":{"line":228,"column":37},"end":{"line":228,"column":44}},{"start":{"line":228,"column":48},"end":{"line":228,"column":52}}],"line":228},"100":{"loc":{"start":{"line":229,"column":43},"end":{"line":229,"column":60}},"type":"binary-expr","locations":[{"start":{"line":229,"column":43},"end":{"line":229,"column":52}},{"start":{"line":229,"column":56},"end":{"line":229,"column":60}}],"line":229},"101":{"loc":{"start":{"line":230,"column":34},"end":{"line":230,"column":48}},"type":"binary-expr","locations":[{"start":{"line":230,"column":34},"end":{"line":230,"column":40}},{"start":{"line":230,"column":44},"end":{"line":230,"column":48}}],"line":230},"102":{"loc":{"start":{"line":231,"column":38},"end":{"line":231,"column":54}},"type":"binary-expr","locations":[{"start":{"line":231,"column":38},"end":{"line":231,"column":46}},{"start":{"line":231,"column":50},"end":{"line":231,"column":54}}],"line":231},"103":{"loc":{"start":{"line":232,"column":79},"end":{"line":232,"column":210}},"type":"binary-expr","locations":[{"start":{"line":232,"column":80},"end":{"line":232,"column":87}},{"start":{"line":232,"column":91},"end":{"line":232,"column":96}},{"start":{"line":232,"column":102},"end":{"line":232,"column":112}},{"start":{"line":232,"column":116},"end":{"line":232,"column":124}},{"start":{"line":232,"column":130},"end":{"line":232,"column":144}},{"start":{"line":232,"column":148},"end":{"line":232,"column":161}},{"start":{"line":232,"column":167},"end":{"line":232,"column":184}},{"start":{"line":232,"column":188},"end":{"line":232,"column":201}},{"start":{"line":232,"column":206},"end":{"line":232,"column":210}}],"line":232},"104":{"loc":{"start":{"line":233,"column":33},"end":{"line":233,"column":49}},"type":"binary-expr","locations":[{"start":{"line":233,"column":33},"end":{"line":233,"column":41}},{"start":{"line":233,"column":45},"end":{"line":233,"column":49}}],"line":233},"105":{"loc":{"start":{"line":234,"column":35},"end":{"line":234,"column":52}},"type":"binary-expr","locations":[{"start":{"line":234,"column":35},"end":{"line":234,"column":44}},{"start":{"line":234,"column":48},"end":{"line":234,"column":52}}],"line":234},"106":{"loc":{"start":{"line":238,"column":47},"end":{"line":238,"column":105}},"type":"cond-expr","locations":[{"start":{"line":238,"column":59},"end":{"line":238,"column":65}},{"start":{"line":238,"column":68},"end":{"line":238,"column":105}}],"line":238},"107":{"loc":{"start":{"line":238,"column":68},"end":{"line":238,"column":105}},"type":"cond-expr","locations":[{"start":{"line":238,"column":92},"end":{"line":238,"column":98}},{"start":{"line":238,"column":101},"end":{"line":238,"column":105}}],"line":238},"108":{"loc":{"start":{"line":238,"column":69},"end":{"line":238,"column":88}},"type":"binary-expr","locations":[{"start":{"line":238,"column":69},"end":{"line":238,"column":74}},{"start":{"line":238,"column":78},"end":{"line":238,"column":88}}],"line":238},"109":{"loc":{"start":{"line":239,"column":42},"end":{"line":239,"column":117}},"type":"binary-expr","locations":[{"start":{"line":239,"column":43},"end":{"line":239,"column":96}},{"start":{"line":239,"column":101},"end":{"line":239,"column":109}},{"start":{"line":239,"column":113},"end":{"line":239,"column":117}}],"line":239},"110":{"loc":{"start":{"line":239,"column":43},"end":{"line":239,"column":96}},"type":"cond-expr","locations":[{"start":{"line":239,"column":58},"end":{"line":239,"column":64}},{"start":{"line":239,"column":67},"end":{"line":239,"column":96}}],"line":239},"111":{"loc":{"start":{"line":239,"column":67},"end":{"line":239,"column":96}},"type":"binary-expr","locations":[{"start":{"line":239,"column":67},"end":{"line":239,"column":72}},{"start":{"line":239,"column":76},"end":{"line":239,"column":96}}],"line":239},"112":{"loc":{"start":{"line":240,"column":37},"end":{"line":240,"column":112}},"type":"binary-expr","locations":[{"start":{"line":240,"column":38},"end":{"line":240,"column":91}},{"start":{"line":240,"column":96},"end":{"line":240,"column":104}},{"start":{"line":240,"column":108},"end":{"line":240,"column":112}}],"line":240},"113":{"loc":{"start":{"line":240,"column":38},"end":{"line":240,"column":91}},"type":"cond-expr","locations":[{"start":{"line":240,"column":53},"end":{"line":240,"column":59}},{"start":{"line":240,"column":62},"end":{"line":240,"column":91}}],"line":240},"114":{"loc":{"start":{"line":240,"column":62},"end":{"line":240,"column":91}},"type":"binary-expr","locations":[{"start":{"line":240,"column":62},"end":{"line":240,"column":67}},{"start":{"line":240,"column":71},"end":{"line":240,"column":91}}],"line":240},"115":{"loc":{"start":{"line":241,"column":34},"end":{"line":241,"column":51}},"type":"binary-expr","locations":[{"start":{"line":241,"column":34},"end":{"line":241,"column":43}},{"start":{"line":241,"column":47},"end":{"line":241,"column":51}}],"line":241},"116":{"loc":{"start":{"line":242,"column":38},"end":{"line":242,"column":54}},"type":"binary-expr","locations":[{"start":{"line":242,"column":38},"end":{"line":242,"column":46}},{"start":{"line":242,"column":50},"end":{"line":242,"column":54}}],"line":242},"117":{"loc":{"start":{"line":243,"column":44},"end":{"line":243,"column":62}},"type":"binary-expr","locations":[{"start":{"line":243,"column":44},"end":{"line":243,"column":54}},{"start":{"line":243,"column":58},"end":{"line":243,"column":62}}],"line":243},"118":{"loc":{"start":{"line":244,"column":35},"end":{"line":244,"column":50}},"type":"binary-expr","locations":[{"start":{"line":244,"column":35},"end":{"line":244,"column":42}},{"start":{"line":244,"column":46},"end":{"line":244,"column":50}}],"line":244},"119":{"loc":{"start":{"line":245,"column":39},"end":{"line":245,"column":56}},"type":"binary-expr","locations":[{"start":{"line":245,"column":39},"end":{"line":245,"column":48}},{"start":{"line":245,"column":52},"end":{"line":245,"column":56}}],"line":245},"120":{"loc":{"start":{"line":246,"column":83},"end":{"line":246,"column":218}},"type":"binary-expr","locations":[{"start":{"line":246,"column":84},"end":{"line":246,"column":92}},{"start":{"line":246,"column":96},"end":{"line":246,"column":101}},{"start":{"line":246,"column":107},"end":{"line":246,"column":118}},{"start":{"line":246,"column":122},"end":{"line":246,"column":130}},{"start":{"line":246,"column":136},"end":{"line":246,"column":151}},{"start":{"line":246,"column":155},"end":{"line":246,"column":168}},{"start":{"line":246,"column":174},"end":{"line":246,"column":192}},{"start":{"line":246,"column":196},"end":{"line":246,"column":209}},{"start":{"line":246,"column":214},"end":{"line":246,"column":218}}],"line":246},"121":{"loc":{"start":{"line":247,"column":34},"end":{"line":247,"column":51}},"type":"binary-expr","locations":[{"start":{"line":247,"column":34},"end":{"line":247,"column":43}},{"start":{"line":247,"column":47},"end":{"line":247,"column":51}}],"line":247},"122":{"loc":{"start":{"line":248,"column":36},"end":{"line":248,"column":54}},"type":"binary-expr","locations":[{"start":{"line":248,"column":36},"end":{"line":248,"column":46}},{"start":{"line":248,"column":50},"end":{"line":248,"column":54}}],"line":248}},"s":{"0":1,"1":0,"2":0,"3":1,"4":0,"5":0,"6":0,"7":0,"8":0,"9":0,"10":0,"11":0,"12":0,"13":0,"14":0,"15":0,"16":0,"17":0,"18":0,"19":0,"20":0,"21":0,"22":0,"23":0,"24":0,"25":0,"26":0,"27":0,"28":0,"29":0,"30":0,"31":0,"32":0,"33":0,"34":0,"35":0,"36":0,"37":0,"38":0,"39":0,"40":0,"41":0,"42":0,"43":0,"44":0,"45":0,"46":0,"47":0,"48":0,"49":0,"50":0,"51":0,"52":0,"53":0,"54":0,"55":0,"56":0,"57":0,"58":0,"59":0,"60":0,"61":0,"62":0,"63":0,"64":0,"65":0,"66":0,"67":0,"68":0,"69":0,"70":0,"71":0,"72":0,"73":0,"74":0,"75":0,"76":0,"77":0,"78":0,"79":0,"80":0,"81":0},"f":{"0":0,"1":0,"2":0,"3":0,"4":0,"5":0,"6":0,"7":0,"8":0,"9":0,"10":0,"11":0,"12":0,"13":0,"14":0,"15":0,"16":0,"17":0,"18":0,"19":0,"20":0,"21":0,"22":0,"23":0,"24":0,"25":0,"26":0,"27":0,"28":0,"29":0,"30":0,"31":0,"32":0,"33":0,"34":0,"35":0,"36":0,"37":0,"38":0,"39":0,"40":0,"41":0,"42":0,"43":0,"44":0,"45":0,"46":0,"47":0,"48":0,"49":0,"50":0,"51":0,"52":0,"53":0,"54":0,"55":0,"56":0,"57":0,"58":0,"59":0,"60":0,"61":0,"62":0,"63":0,"64":0,"65":0,"66":0,"67":0,"68":0,"69":0,"70":0,"71":0,"72":0,"73":0,"74":0,"75":0,"76":0,"77":0,"78":0},"b":{"0":[0],"1":[0],"2":[0],"3":[0],"4":[0],"5":[0,0,0,0,0,0,0,0,0],"6":[0,0,0,0],"7":[0,0,0,0],"8":[0,0],"9":[0,0],"10":[0,0,0,0],"11":[0,0],"12":[0,0],"13":[0,0,0],"14":[0,0,0],"15":[0,0,0],"16":[0,0,0],"17":[0,0,0],"18":[0,0,0,0,0,0,0,0,0,0,0,0,0,0,0,0,0],"19":[0,0,0],"20":[0,0,0],"21":[0,0],"22":[0,0],"23":[0,0],"24":[0,0,0],"25":[0,0],"26":[0,0],"27":[0,0,0],"28":[0,0],"29":[0,0],"30":[0,0],"31":[0,0],"32":[0,0],"33":[0,0],"34":[0,0],"35":[0,0,0,0,0,0,0,0,0],"36":[0,0],"37":[0,0],"38":[0,0],"39":[0,0],"40":[0,0],"41":[0,0,0],"42":[0,0],"43":[0,0],"44":[0,0,0],"45":[0,0],"46":[0,0],"47":[0,0],"48":[0,0],"49":[0,0],"50":[0,0],"51":[0,0],"52":[0,0,0,0,0,0,0,0,0],"53":[0,0],"54":[0,0],"55":[0,0],"56":[0,0],"57":[0,0],"58":[0,0,0],"59":[0,0],"60":[0,0],"61":[0,0,0],"62":[0,0],"63":[0,0],"64":[0,0],"65":[0,0],"66":[0,0],"67":[0,0],"68":[0,0],"69":[0,0,0,0,0,0,0,0,0],"70":[0,0],"71":[0,0],"72":[0,0],"73":[0,0],"74":[0,0],"75":[0,0,0],"76":[0,0],"77":[0,0],"78":[0,0,0],"79":[0,0],"80":[0,0],"81":[0,0],"82":[0,0],"83":[0,0],"84":[0,0],"85":[0,0],"86":[0,0,0,0,0,0,0,0,0],"87":[0,0],"88":[0,0],"89":[0,0],"90":[0,0],"91":[0,0],"92":[0,0,0],"93":[0,0],"94":[0,0],"95":[0,0,0],"96":[0,0],"97":[0,0],"98":[0,0],"99":[0,0],"100":[0,0],"101":[0,0],"102":[0,0],"103":[0,0,0,0,0,0,0,0,0],"104":[0,0],"105":[0,0],"106":[0,0],"107":[0,0],"108":[0,0],"109":[0,0,0],"110":[0,0],"111":[0,0],"112":[0,0,0],"113":[0,0],"114":[0,0],"115":[0,0],"116":[0,0],"117":[0,0],"118":[0,0],"119":[0,0],"120":[0,0,0,0,0,0,0,0,0],"121":[0,0],"122":[0,0]},"_coverageSchema":"332fd63041d2c1bcb487cc26dd0d5f7d97098a6c","hash":"92ce6a396a54ab87b0fa242aa1e3c2fcb09480da"}
,"/Users/aaron/Dev/facaade/src/components/Block/index.js": {"path":"/Users/aaron/Dev/facaade/src/components/Block/index.js","statementMap":{},"fnMap":{},"branchMap":{},"s":{},"f":{},"b":{},"_coverageSchema":"332fd63041d2c1bcb487cc26dd0d5f7d97098a6c","hash":"a6932b812790efeea17fc703b1564cd7c565ca6c"}
,"/Users/aaron/Dev/facaade/src/components/Button/Button.js": {"path":"/Users/aaron/Dev/facaade/src/components/Button/Button.js","statementMap":{"0":{"start":{"line":5,"column":0},"end":{"line":5,"column":24}},"1":{"start":{"line":15,"column":0},"end":{"line":31,"column":1}},"2":{"start":{"line":51,"column":4},"end":{"line":54,"column":22}},"3":{"start":{"line":56,"column":4},"end":{"line":74,"column":5}}},"fnMap":{"0":{"name":"Button","decl":{"start":{"line":33,"column":9},"end":{"line":33,"column":15}},"loc":{"start":{"line":49,"column":3},"end":{"line":75,"column":1}},"line":49}},"branchMap":{"0":{"loc":{"start":{"line":34,"column":4},"end":{"line":34,"column":17}},"type":"default-arg","locations":[{"start":{"line":34,"column":9},"end":{"line":34,"column":17}}],"line":34},"1":{"loc":{"start":{"line":35,"column":4},"end":{"line":35,"column":20}},"type":"default-arg","locations":[{"start":{"line":35,"column":16},"end":{"line":35,"column":20}}],"line":35},"2":{"loc":{"start":{"line":36,"column":4},"end":{"line":36,"column":18}},"type":"default-arg","locations":[{"start":{"line":36,"column":14},"end":{"line":36,"column":18}}],"line":36},"3":{"loc":{"start":{"line":37,"column":4},"end":{"line":37,"column":18}},"type":"default-arg","locations":[{"start":{"line":37,"column":14},"end":{"line":37,"column":18}}],"line":37},"4":{"loc":{"start":{"line":38,"column":4},"end":{"line":38,"column":17}},"type":"default-arg","locations":[{"start":{"line":38,"column":13},"end":{"line":38,"column":17}}],"line":38},"5":{"loc":{"start":{"line":39,"column":4},"end":{"line":39,"column":20}},"type":"default-arg","locations":[{"start":{"line":39,"column":16},"end":{"line":39,"column":20}}],"line":39},"6":{"loc":{"start":{"line":40,"column":4},"end":{"line":40,"column":22}},"type":"default-arg","locations":[{"start":{"line":40,"column":18},"end":{"line":40,"column":22}}],"line":40},"7":{"loc":{"start":{"line":41,"column":4},"end":{"line":41,"column":21}},"type":"default-arg","locations":[{"start":{"line":41,"column":17},"end":{"line":41,"column":21}}],"line":41},"8":{"loc":{"start":{"line":42,"column":4},"end":{"line":42,"column":19}},"type":"default-arg","locations":[{"start":{"line":42,"column":15},"end":{"line":42,"column":19}}],"line":42},"9":{"loc":{"start":{"line":43,"column":4},"end":{"line":43,"column":18}},"type":"default-arg","locations":[{"start":{"line":43,"column":16},"end":{"line":43,"column":18}}],"line":43},"10":{"loc":{"start":{"line":44,"column":4},"end":{"line":44,"column":13}},"type":"default-arg","locations":[{"start":{"line":44,"column":9},"end":{"line":44,"column":13}}],"line":44},"11":{"loc":{"start":{"line":45,"column":4},"end":{"line":45,"column":15}},"type":"default-arg","locations":[{"start":{"line":45,"column":11},"end":{"line":45,"column":15}}],"line":45},"12":{"loc":{"start":{"line":46,"column":4},"end":{"line":46,"column":15}},"type":"default-arg","locations":[{"start":{"line":46,"column":11},"end":{"line":46,"column":15}}],"line":46},"13":{"loc":{"start":{"line":47,"column":4},"end":{"line":47,"column":16}},"type":"default-arg","locations":[{"start":{"line":47,"column":12},"end":{"line":47,"column":16}}],"line":47}},"s":{"0":1,"1":1,"2":5,"3":5},"f":{"0":5},"b":{"0":[4],"1":[5],"2":[4],"3":[5],"4":[5],"5":[5],"6":[5],"7":[5],"8":[5],"9":[4],"10":[4],"11":[5],"12":[5],"13":[5]},"_coverageSchema":"332fd63041d2c1bcb487cc26dd0d5f7d97098a6c","hash":"8e2d7b5c1a0eb700d52611b8e8c85c7581defaa0"}
,"/Users/aaron/Dev/facaade/src/components/Button/index.js": {"path":"/Users/aaron/Dev/facaade/src/components/Button/index.js","statementMap":{},"fnMap":{},"branchMap":{},"s":{},"f":{},"b":{},"_coverageSchema":"332fd63041d2c1bcb487cc26dd0d5f7d97098a6c","hash":"84f67b1bbb718fda64ebd16436c0d3824f71b39d"}
,"/Users/aaron/Dev/facaade/src/constants/breakpoints.js": {"path":"/Users/aaron/Dev/facaade/src/constants/breakpoints.js","statementMap":{},"fnMap":{},"branchMap":{},"s":{},"f":{},"b":{},"_coverageSchema":"332fd63041d2c1bcb487cc26dd0d5f7d97098a6c","hash":"8bd1ece4d5adf7fdc55a857a66197c532346e2c7"}
,"/Users/aaron/Dev/facaade/src/testSetup/scssStub.js": {"path":"/Users/aaron/Dev/facaade/src/testSetup/scssStub.js","statementMap":{"0":{"start":{"line":1,"column":0},"end":{"line":1,"column":19}}},"fnMap":{},"branchMap":{},"s":{"0":1},"f":{},"b":{},"_coverageSchema":"332fd63041d2c1bcb487cc26dd0d5f7d97098a6c","hash":"73811f43b86dd96c141ee4acfcb31e740c239b44"}
,"/Users/aaron/Dev/facaade/src/testSetup/setupEnzyme.js": {"path":"/Users/aaron/Dev/facaade/src/testSetup/setupEnzyme.js","statementMap":{"0":{"start":{"line":4,"column":0},"end":{"line":4,"column":45}}},"fnMap":{},"branchMap":{},"s":{"0":2},"f":{},"b":{},"_coverageSchema":"332fd63041d2c1bcb487cc26dd0d5f7d97098a6c","hash":"c33901ef925e9f2321f67b94c970bb57461ae196"}
,"/Users/aaron/Dev/facaade/src/utils/index.js": {"path":"/Users/aaron/Dev/facaade/src/utils/index.js","statementMap":{"0":{"start":{"line":1,"column":28},"end":{"line":8,"column":1}},"1":{"start":{"line":3,"column":4},"end":{"line":3,"column":50}},"2":{"start":{"line":3,"column":45},"end":{"line":3,"column":49}},"3":{"start":{"line":5,"column":4},"end":{"line":5,"column":87}},"4":{"start":{"line":5,"column":18},"end":{"line":5,"column":87}},"5":{"start":{"line":5,"column":63},"end":{"line":5,"column":86}},"6":{"start":{"line":7,"column":4},"end":{"line":7,"column":40}}},"fnMap":{"0":{"name":"(anonymous_0)","decl":{"start":{"line":1,"column":28},"end":{"line":1,"column":29}},"loc":{"start":{"line":1,"column":61},"end":{"line":8,"column":1}},"line":1},"1":{"name":"(anonymous_1)","decl":{"start":{"line":3,"column":39},"end":{"line":3,"column":40}},"loc":{"start":{"line":3,"column":45},"end":{"line":3,"column":49}},"line":3},"2":{"name":"(anonymous_2)","decl":{"start":{"line":5,"column":50},"end":{"line":5,"column":51}},"loc":{"start":{"line":5,"column":63},"end":{"line":5,"column":86}},"line":5}},"branchMap":{"0":{"loc":{"start":{"line":1,"column":43},"end":{"line":1,"column":56}},"type":"default-arg","locations":[{"start":{"line":1,"column":52},"end":{"line":1,"column":56}}],"line":1},"1":{"loc":{"start":{"line":5,"column":4},"end":{"line":5,"column":87}},"type":"if","locations":[{"start":{"line":5,"column":4},"end":{"line":5,"column":87}},{"start":{"line":5,"column":4},"end":{"line":5,"column":87}}],"line":5}},"s":{"0":1,"1":0,"2":0,"3":0,"4":0,"5":0,"6":0},"f":{"0":0,"1":0,"2":0},"b":{"0":[0],"1":[0,0]},"_coverageSchema":"332fd63041d2c1bcb487cc26dd0d5f7d97098a6c","hash":"20d3e844b2ac9f97db9f73726dfd198e3efab375"}
}
