{"/Users/aaronmoore/mydev/facaade/src/components/Block/Block.js": {"path":"/Users/aaronmoore/mydev/facaade/src/components/Block/Block.js","statementMap":{"0":{"start":{"line":6,"column":0},"end":{"line":27,"column":1}},"1":{"start":{"line":53,"column":4},"end":{"line":53,"column":35}},"2":{"start":{"line":54,"column":4},"end":{"line":54,"column":41}},"3":{"start":{"line":55,"column":4},"end":{"line":55,"column":56}},"4":{"start":{"line":57,"column":4},"end":{"line":57,"column":30}},"5":{"start":{"line":58,"column":4},"end":{"line":58,"column":30}},"6":{"start":{"line":59,"column":4},"end":{"line":59,"column":30}},"7":{"start":{"line":60,"column":4},"end":{"line":60,"column":30}},"8":{"start":{"line":61,"column":4},"end":{"line":61,"column":30}},"9":{"start":{"line":62,"column":4},"end":{"line":62,"column":33}},"10":{"start":{"line":64,"column":4},"end":{"line":64,"column":29}},"11":{"start":{"line":65,"column":4},"end":{"line":65,"column":29}},"12":{"start":{"line":66,"column":4},"end":{"line":66,"column":29}},"13":{"start":{"line":67,"column":4},"end":{"line":67,"column":29}},"14":{"start":{"line":68,"column":4},"end":{"line":68,"column":29}},"15":{"start":{"line":69,"column":4},"end":{"line":69,"column":32}},"16":{"start":{"line":71,"column":30},"end":{"line":86,"column":32}},"17":{"start":{"line":86,"column":18},"end":{"line":86,"column":21}},"18":{"start":{"line":88,"column":26},"end":{"line":98,"column":5}},"19":{"start":{"line":100,"column":4},"end":{"line":104,"column":16}}},"fnMap":{"0":{"name":"Block","decl":{"start":{"line":29,"column":9},"end":{"line":29,"column":14}},"loc":{"start":{"line":51,"column":3},"end":{"line":105,"column":1}},"line":51},"1":{"name":"(anonymous_1)","decl":{"start":{"line":86,"column":13},"end":{"line":86,"column":14}},"loc":{"start":{"line":86,"column":18},"end":{"line":86,"column":21}},"line":86}},"branchMap":{"0":{"loc":{"start":{"line":30,"column":4},"end":{"line":30,"column":14}},"type":"default-arg","locations":[{"start":{"line":30,"column":9},"end":{"line":30,"column":14}}],"line":30},"1":{"loc":{"start":{"line":31,"column":4},"end":{"line":31,"column":19}},"type":"default-arg","locations":[{"start":{"line":31,"column":15},"end":{"line":31,"column":19}}],"line":31},"2":{"loc":{"start":{"line":32,"column":4},"end":{"line":32,"column":14}},"type":"default-arg","locations":[{"start":{"line":32,"column":12},"end":{"line":32,"column":14}}],"line":32},"3":{"loc":{"start":{"line":33,"column":4},"end":{"line":33,"column":18}},"type":"default-arg","locations":[{"start":{"line":33,"column":16},"end":{"line":33,"column":18}}],"line":33},"4":{"loc":{"start":{"line":34,"column":4},"end":{"line":34,"column":15}},"type":"default-arg","locations":[{"start":{"line":34,"column":11},"end":{"line":34,"column":15}}],"line":34},"5":{"loc":{"start":{"line":35,"column":4},"end":{"line":35,"column":17}},"type":"default-arg","locations":[{"start":{"line":35,"column":13},"end":{"line":35,"column":17}}],"line":35},"6":{"loc":{"start":{"line":36,"column":4},"end":{"line":36,"column":13}},"type":"default-arg","locations":[{"start":{"line":36,"column":9},"end":{"line":36,"column":13}}],"line":36},"7":{"loc":{"start":{"line":37,"column":4},"end":{"line":37,"column":13}},"type":"default-arg","locations":[{"start":{"line":37,"column":9},"end":{"line":37,"column":13}}],"line":37},"8":{"loc":{"start":{"line":38,"column":4},"end":{"line":38,"column":13}},"type":"default-arg","locations":[{"start":{"line":38,"column":9},"end":{"line":38,"column":13}}],"line":38},"9":{"loc":{"start":{"line":39,"column":4},"end":{"line":39,"column":13}},"type":"default-arg","locations":[{"start":{"line":39,"column":9},"end":{"line":39,"column":13}}],"line":39},"10":{"loc":{"start":{"line":40,"column":4},"end":{"line":40,"column":13}},"type":"default-arg","locations":[{"start":{"line":40,"column":9},"end":{"line":40,"column":13}}],"line":40},"11":{"loc":{"start":{"line":41,"column":4},"end":{"line":41,"column":14}},"type":"default-arg","locations":[{"start":{"line":41,"column":10},"end":{"line":41,"column":14}}],"line":41},"12":{"loc":{"start":{"line":42,"column":4},"end":{"line":42,"column":16}},"type":"default-arg","locations":[{"start":{"line":42,"column":12},"end":{"line":42,"column":16}}],"line":42},"13":{"loc":{"start":{"line":43,"column":4},"end":{"line":43,"column":20}},"type":"default-arg","locations":[{"start":{"line":43,"column":16},"end":{"line":43,"column":20}}],"line":43},"14":{"loc":{"start":{"line":44,"column":4},"end":{"line":44,"column":20}},"type":"default-arg","locations":[{"start":{"line":44,"column":15},"end":{"line":44,"column":20}}],"line":44},"15":{"loc":{"start":{"line":45,"column":4},"end":{"line":45,"column":18}},"type":"default-arg","locations":[{"start":{"line":45,"column":14},"end":{"line":45,"column":18}}],"line":45},"16":{"loc":{"start":{"line":46,"column":4},"end":{"line":46,"column":18}},"type":"default-arg","locations":[{"start":{"line":46,"column":14},"end":{"line":46,"column":18}}],"line":46},"17":{"loc":{"start":{"line":47,"column":4},"end":{"line":47,"column":17}},"type":"default-arg","locations":[{"start":{"line":47,"column":13},"end":{"line":47,"column":17}}],"line":47},"18":{"loc":{"start":{"line":48,"column":4},"end":{"line":48,"column":16}},"type":"default-arg","locations":[{"start":{"line":48,"column":11},"end":{"line":48,"column":16}}],"line":48},"19":{"loc":{"start":{"line":49,"column":4},"end":{"line":49,"column":13}},"type":"default-arg","locations":[{"start":{"line":49,"column":9},"end":{"line":49,"column":13}}],"line":49},"20":{"loc":{"start":{"line":53,"column":11},"end":{"line":53,"column":35}},"type":"cond-expr","locations":[{"start":{"line":53,"column":27},"end":{"line":53,"column":28}},{"start":{"line":53,"column":31},"end":{"line":53,"column":35}}],"line":53},"21":{"loc":{"start":{"line":54,"column":13},"end":{"line":54,"column":41}},"type":"cond-expr","locations":[{"start":{"line":54,"column":31},"end":{"line":54,"column":32}},{"start":{"line":54,"column":35},"end":{"line":54,"column":41}}],"line":54},"22":{"loc":{"start":{"line":55,"column":16},"end":{"line":55,"column":56}},"type":"cond-expr","locations":[{"start":{"line":55,"column":36},"end":{"line":55,"column":44}},{"start":{"line":55,"column":47},"end":{"line":55,"column":56}}],"line":55},"23":{"loc":{"start":{"line":57,"column":9},"end":{"line":57,"column":30}},"type":"cond-expr","locations":[{"start":{"line":57,"column":23},"end":{"line":57,"column":25}},{"start":{"line":57,"column":28},"end":{"line":57,"column":30}}],"line":57},"24":{"loc":{"start":{"line":58,"column":9},"end":{"line":58,"column":30}},"type":"cond-expr","locations":[{"start":{"line":58,"column":23},"end":{"line":58,"column":25}},{"start":{"line":58,"column":28},"end":{"line":58,"column":30}}],"line":58},"25":{"loc":{"start":{"line":59,"column":9},"end":{"line":59,"column":30}},"type":"cond-expr","locations":[{"start":{"line":59,"column":23},"end":{"line":59,"column":25}},{"start":{"line":59,"column":28},"end":{"line":59,"column":30}}],"line":59},"26":{"loc":{"start":{"line":60,"column":9},"end":{"line":60,"column":30}},"type":"cond-expr","locations":[{"start":{"line":60,"column":23},"end":{"line":60,"column":25}},{"start":{"line":60,"column":28},"end":{"line":60,"column":30}}],"line":60},"27":{"loc":{"start":{"line":61,"column":9},"end":{"line":61,"column":30}},"type":"cond-expr","locations":[{"start":{"line":61,"column":23},"end":{"line":61,"column":25}},{"start":{"line":61,"column":28},"end":{"line":61,"column":30}}],"line":61},"28":{"loc":{"start":{"line":62,"column":10},"end":{"line":62,"column":33}},"type":"cond-expr","locations":[{"start":{"line":62,"column":25},"end":{"line":62,"column":27}},{"start":{"line":62,"column":30},"end":{"line":62,"column":33}}],"line":62},"29":{"loc":{"start":{"line":64,"column":9},"end":{"line":64,"column":29}},"type":"cond-expr","locations":[{"start":{"line":64,"column":20},"end":{"line":64,"column":24}},{"start":{"line":64,"column":27},"end":{"line":64,"column":29}}],"line":64},"30":{"loc":{"start":{"line":65,"column":9},"end":{"line":65,"column":29}},"type":"cond-expr","locations":[{"start":{"line":65,"column":20},"end":{"line":65,"column":24}},{"start":{"line":65,"column":27},"end":{"line":65,"column":29}}],"line":65},"31":{"loc":{"start":{"line":66,"column":9},"end":{"line":66,"column":29}},"type":"cond-expr","locations":[{"start":{"line":66,"column":20},"end":{"line":66,"column":24}},{"start":{"line":66,"column":27},"end":{"line":66,"column":29}}],"line":66},"32":{"loc":{"start":{"line":67,"column":9},"end":{"line":67,"column":29}},"type":"cond-expr","locations":[{"start":{"line":67,"column":20},"end":{"line":67,"column":24}},{"start":{"line":67,"column":27},"end":{"line":67,"column":29}}],"line":67},"33":{"loc":{"start":{"line":68,"column":9},"end":{"line":68,"column":29}},"type":"cond-expr","locations":[{"start":{"line":68,"column":20},"end":{"line":68,"column":24}},{"start":{"line":68,"column":27},"end":{"line":68,"column":29}}],"line":68},"34":{"loc":{"start":{"line":69,"column":10},"end":{"line":69,"column":32}},"type":"cond-expr","locations":[{"start":{"line":69,"column":22},"end":{"line":69,"column":26}},{"start":{"line":69,"column":29},"end":{"line":69,"column":32}}],"line":69},"35":{"loc":{"start":{"line":73,"column":8},"end":{"line":73,"column":26}},"type":"binary-expr","locations":[{"start":{"line":73,"column":8},"end":{"line":73,"column":12}},{"start":{"line":73,"column":16},"end":{"line":73,"column":26}}],"line":73},"36":{"loc":{"start":{"line":74,"column":8},"end":{"line":74,"column":26}},"type":"binary-expr","locations":[{"start":{"line":74,"column":8},"end":{"line":74,"column":12}},{"start":{"line":74,"column":16},"end":{"line":74,"column":26}}],"line":74},"37":{"loc":{"start":{"line":75,"column":8},"end":{"line":75,"column":26}},"type":"binary-expr","locations":[{"start":{"line":75,"column":8},"end":{"line":75,"column":12}},{"start":{"line":75,"column":16},"end":{"line":75,"column":26}}],"line":75},"38":{"loc":{"start":{"line":76,"column":8},"end":{"line":76,"column":26}},"type":"binary-expr","locations":[{"start":{"line":76,"column":8},"end":{"line":76,"column":12}},{"start":{"line":76,"column":16},"end":{"line":76,"column":26}}],"line":76},"39":{"loc":{"start":{"line":77,"column":8},"end":{"line":77,"column":26}},"type":"binary-expr","locations":[{"start":{"line":77,"column":8},"end":{"line":77,"column":12}},{"start":{"line":77,"column":16},"end":{"line":77,"column":26}}],"line":77},"40":{"loc":{"start":{"line":78,"column":8},"end":{"line":78,"column":27}},"type":"binary-expr","locations":[{"start":{"line":78,"column":8},"end":{"line":78,"column":13}},{"start":{"line":78,"column":17},"end":{"line":78,"column":27}}],"line":78},"41":{"loc":{"start":{"line":79,"column":8},"end":{"line":79,"column":29}},"type":"binary-expr","locations":[{"start":{"line":79,"column":8},"end":{"line":79,"column":16}},{"start":{"line":79,"column":20},"end":{"line":79,"column":29}}],"line":79},"42":{"loc":{"start":{"line":80,"column":8},"end":{"line":80,"column":29}},"type":"binary-expr","locations":[{"start":{"line":80,"column":8},"end":{"line":80,"column":16}},{"start":{"line":80,"column":20},"end":{"line":80,"column":29}}],"line":80},"43":{"loc":{"start":{"line":81,"column":8},"end":{"line":81,"column":29}},"type":"binary-expr","locations":[{"start":{"line":81,"column":8},"end":{"line":81,"column":16}},{"start":{"line":81,"column":20},"end":{"line":81,"column":29}}],"line":81},"44":{"loc":{"start":{"line":82,"column":8},"end":{"line":82,"column":29}},"type":"binary-expr","locations":[{"start":{"line":82,"column":8},"end":{"line":82,"column":16}},{"start":{"line":82,"column":20},"end":{"line":82,"column":29}}],"line":82},"45":{"loc":{"start":{"line":83,"column":8},"end":{"line":83,"column":29}},"type":"binary-expr","locations":[{"start":{"line":83,"column":8},"end":{"line":83,"column":16}},{"start":{"line":83,"column":20},"end":{"line":83,"column":29}}],"line":83},"46":{"loc":{"start":{"line":84,"column":8},"end":{"line":84,"column":31}},"type":"binary-expr","locations":[{"start":{"line":84,"column":8},"end":{"line":84,"column":17}},{"start":{"line":84,"column":21},"end":{"line":84,"column":31}}],"line":84},"47":{"loc":{"start":{"line":94,"column":18},"end":{"line":94,"column":38}},"type":"cond-expr","locations":[{"start":{"line":94,"column":25},"end":{"line":94,"column":31}},{"start":{"line":94,"column":34},"end":{"line":94,"column":38}}],"line":94}},"s":{"0":1,"1":4,"2":4,"3":4,"4":4,"5":4,"6":4,"7":4,"8":4,"9":4,"10":4,"11":4,"12":4,"13":4,"14":4,"15":4,"16":4,"17":56,"18":4,"19":4},"f":{"0":4,"1":56},"b":{"0":[3],"1":[0],"2":[4],"3":[3],"4":[4],"5":[4],"6":[4],"7":[4],"8":[4],"9":[4],"10":[4],"11":[4],"12":[4],"13":[4],"14":[4],"15":[4],"16":[4],"17":[4],"18":[4],"19":[3],"20":[0,4],"21":[0,4],"22":[0,4],"23":[0,4],"24":[0,4],"25":[0,4],"26":[0,4],"27":[0,4],"28":[0,4],"29":[0,4],"30":[0,4],"31":[0,4],"32":[0,4],"33":[0,4],"34":[0,4],"35":[4,0],"36":[4,0],"37":[4,0],"38":[4,0],"39":[4,0],"40":[4,0],"41":[4,0],"42":[4,0],"43":[4,0],"44":[4,0],"45":[4,0],"46":[4,0],"47":[0,4]},"_coverageSchema":"332fd63041d2c1bcb487cc26dd0d5f7d97098a6c","hash":"8d0939bb55ab57e614e3dc0061d3d2402233172a"}
,"/Users/aaronmoore/mydev/facaade/src/components/Block/index.js": {"path":"/Users/aaronmoore/mydev/facaade/src/components/Block/index.js","statementMap":{},"fnMap":{},"branchMap":{},"s":{},"f":{},"b":{},"_coverageSchema":"332fd63041d2c1bcb487cc26dd0d5f7d97098a6c","hash":"452bacfd564cddf6bdbf5651d2fa8c910d0a9d22"}
,"/Users/aaronmoore/mydev/facaade/src/components/Button/Button.js": {"path":"/Users/aaronmoore/mydev/facaade/src/components/Button/Button.js","statementMap":{"0":{"start":{"line":21,"column":0},"end":{"line":37,"column":1}},"1":{"start":{"line":57,"column":4},"end":{"line":60,"column":22}},"2":{"start":{"line":62,"column":4},"end":{"line":80,"column":5}}},"fnMap":{"0":{"name":"Button","decl":{"start":{"line":39,"column":9},"end":{"line":39,"column":15}},"loc":{"start":{"line":55,"column":3},"end":{"line":81,"column":1}},"line":55}},"branchMap":{"0":{"loc":{"start":{"line":40,"column":4},"end":{"line":40,"column":17}},"type":"default-arg","locations":[{"start":{"line":40,"column":9},"end":{"line":40,"column":17}}],"line":40},"1":{"loc":{"start":{"line":41,"column":4},"end":{"line":41,"column":20}},"type":"default-arg","locations":[{"start":{"line":41,"column":16},"end":{"line":41,"column":20}}],"line":41},"2":{"loc":{"start":{"line":42,"column":4},"end":{"line":42,"column":18}},"type":"default-arg","locations":[{"start":{"line":42,"column":14},"end":{"line":42,"column":18}}],"line":42},"3":{"loc":{"start":{"line":43,"column":4},"end":{"line":43,"column":18}},"type":"default-arg","locations":[{"start":{"line":43,"column":14},"end":{"line":43,"column":18}}],"line":43},"4":{"loc":{"start":{"line":44,"column":4},"end":{"line":44,"column":17}},"type":"default-arg","locations":[{"start":{"line":44,"column":13},"end":{"line":44,"column":17}}],"line":44},"5":{"loc":{"start":{"line":45,"column":4},"end":{"line":45,"column":20}},"type":"default-arg","locations":[{"start":{"line":45,"column":16},"end":{"line":45,"column":20}}],"line":45},"6":{"loc":{"start":{"line":46,"column":4},"end":{"line":46,"column":22}},"type":"default-arg","locations":[{"start":{"line":46,"column":18},"end":{"line":46,"column":22}}],"line":46},"7":{"loc":{"start":{"line":47,"column":4},"end":{"line":47,"column":21}},"type":"default-arg","locations":[{"start":{"line":47,"column":17},"end":{"line":47,"column":21}}],"line":47},"8":{"loc":{"start":{"line":48,"column":4},"end":{"line":48,"column":19}},"type":"default-arg","locations":[{"start":{"line":48,"column":15},"end":{"line":48,"column":19}}],"line":48},"9":{"loc":{"start":{"line":49,"column":4},"end":{"line":49,"column":18}},"type":"default-arg","locations":[{"start":{"line":49,"column":16},"end":{"line":49,"column":18}}],"line":49},"10":{"loc":{"start":{"line":50,"column":4},"end":{"line":50,"column":13}},"type":"default-arg","locations":[{"start":{"line":50,"column":9},"end":{"line":50,"column":13}}],"line":50},"11":{"loc":{"start":{"line":51,"column":4},"end":{"line":51,"column":15}},"type":"default-arg","locations":[{"start":{"line":51,"column":11},"end":{"line":51,"column":15}}],"line":51},"12":{"loc":{"start":{"line":52,"column":4},"end":{"line":52,"column":15}},"type":"default-arg","locations":[{"start":{"line":52,"column":11},"end":{"line":52,"column":15}}],"line":52},"13":{"loc":{"start":{"line":53,"column":4},"end":{"line":53,"column":16}},"type":"default-arg","locations":[{"start":{"line":53,"column":12},"end":{"line":53,"column":16}}],"line":53}},"s":{"0":1,"1":5,"2":5},"f":{"0":5},"b":{"0":[4],"1":[5],"2":[4],"3":[5],"4":[5],"5":[5],"6":[5],"7":[5],"8":[5],"9":[4],"10":[4],"11":[5],"12":[5],"13":[5]},"_coverageSchema":"332fd63041d2c1bcb487cc26dd0d5f7d97098a6c","hash":"993c5efa62613f3a397a6f579f3541dbf6106024"}
,"/Users/aaronmoore/mydev/facaade/src/components/Button/index.js": {"path":"/Users/aaronmoore/mydev/facaade/src/components/Button/index.js","statementMap":{},"fnMap":{},"branchMap":{},"s":{},"f":{},"b":{},"_coverageSchema":"332fd63041d2c1bcb487cc26dd0d5f7d97098a6c","hash":"b67ef1f5e3753611a4cd16eafbe7f12b196e2bc0"}
,"/Users/aaronmoore/mydev/facaade/src/testSetup/setupEnzyme.js": {"path":"/Users/aaronmoore/mydev/facaade/src/testSetup/setupEnzyme.js","statementMap":{"0":{"start":{"line":4,"column":0},"end":{"line":4,"column":45}}},"fnMap":{},"branchMap":{},"s":{"0":2},"f":{},"b":{},"_coverageSchema":"332fd63041d2c1bcb487cc26dd0d5f7d97098a6c","hash":"0bc6d7a8ca14dd52234863c8c6a9a6bc214f5c96"}
}
