TN:
SF:/Users/aaronmoore/mydev/facaade/src/components/Button/Button.js
FN:34,Button
FNF:1
FNH:1
FNDA:5,Button
DA:17,1
DA:51,5
DA:56,5
LF:3
LH:3
BRDA:35,0,0,4
BRDA:36,1,0,5
BRDA:37,2,0,4
BRDA:38,3,0,5
BRDA:39,4,0,5
BRDA:40,5,0,5
BRDA:41,6,0,5
BRDA:42,7,0,5
BRDA:43,8,0,5
BRDA:44,9,0,4
BRDA:45,10,0,4
BRDA:46,11,0,5
BRDA:47,12,0,5
BRF:13
BRH:13
end_of_record
TN:
SF:/Users/aaronmoore/mydev/facaade/src/components/Button/index.js
FNF:0
FNH:0
LF:0
LH:0
BRF:0
BRH:0
end_of_record
TN:
SF:/Users/aaronmoore/mydev/facaade/src/components/Button/Group/index.js
FNF:0
FNH:0
LF:0
LH:0
BRF:0
BRH:0
end_of_record
TN:
SF:/Users/aaronmoore/mydev/facaade/src/testSetup/setupEnzyme.js
FNF:0
FNH:0
DA:4,1
LF:1
LH:1
BRF:0
BRH:0
end_of_record
