TN:
SF:/Users/aaron/Dev/facaade/src/components/Block/Block.js
FN:131,Block
FN:154,(anonymous_1)
FN:155,(anonymous_2)
FN:156,(anonymous_3)
FN:157,(anonymous_4)
FN:158,(anonymous_5)
FN:159,(anonymous_6)
FN:160,(anonymous_7)
FN:161,(anonymous_8)
FN:162,(anonymous_9)
FN:163,(anonymous_10)
FN:164,(anonymous_11)
FN:165,(anonymous_12)
FN:168,(anonymous_13)
FN:169,(anonymous_14)
FN:170,(anonymous_15)
FN:171,(anonymous_16)
FN:172,(anonymous_17)
FN:173,(anonymous_18)
FN:174,(anonymous_19)
FN:175,(anonymous_20)
FN:176,(anonymous_21)
FN:177,(anonymous_22)
FN:178,(anonymous_23)
FN:182,(anonymous_24)
FN:183,(anonymous_25)
FN:184,(anonymous_26)
FN:185,(anonymous_27)
FN:186,(anonymous_28)
FN:187,(anonymous_29)
FN:188,(anonymous_30)
FN:189,(anonymous_31)
FN:190,(anonymous_32)
FN:191,(anonymous_33)
FN:192,(anonymous_34)
FN:196,(anonymous_35)
FN:197,(anonymous_36)
FN:198,(anonymous_37)
FN:199,(anonymous_38)
FN:200,(anonymous_39)
FN:201,(anonymous_40)
FN:202,(anonymous_41)
FN:203,(anonymous_42)
FN:204,(anonymous_43)
FN:205,(anonymous_44)
FN:206,(anonymous_45)
FN:210,(anonymous_46)
FN:211,(anonymous_47)
FN:212,(anonymous_48)
FN:213,(anonymous_49)
FN:214,(anonymous_50)
FN:215,(anonymous_51)
FN:216,(anonymous_52)
FN:217,(anonymous_53)
FN:218,(anonymous_54)
FN:219,(anonymous_55)
FN:220,(anonymous_56)
FN:224,(anonymous_57)
FN:225,(anonymous_58)
FN:226,(anonymous_59)
FN:227,(anonymous_60)
FN:228,(anonymous_61)
FN:229,(anonymous_62)
FN:230,(anonymous_63)
FN:231,(anonymous_64)
FN:232,(anonymous_65)
FN:233,(anonymous_66)
FN:234,(anonymous_67)
FN:238,(anonymous_68)
FN:239,(anonymous_69)
FN:240,(anonymous_70)
FN:241,(anonymous_71)
FN:242,(anonymous_72)
FN:243,(anonymous_73)
FN:244,(anonymous_74)
FN:245,(anonymous_75)
FN:246,(anonymous_76)
FN:247,(anonymous_77)
FN:248,(anonymous_78)
FNF:79
FNH:0
FNDA:0,Block
FNDA:0,(anonymous_1)
FNDA:0,(anonymous_2)
FNDA:0,(anonymous_3)
FNDA:0,(anonymous_4)
FNDA:0,(anonymous_5)
FNDA:0,(anonymous_6)
FNDA:0,(anonymous_7)
FNDA:0,(anonymous_8)
FNDA:0,(anonymous_9)
FNDA:0,(anonymous_10)
FNDA:0,(anonymous_11)
FNDA:0,(anonymous_12)
FNDA:0,(anonymous_13)
FNDA:0,(anonymous_14)
FNDA:0,(anonymous_15)
FNDA:0,(anonymous_16)
FNDA:0,(anonymous_17)
FNDA:0,(anonymous_18)
FNDA:0,(anonymous_19)
FNDA:0,(anonymous_20)
FNDA:0,(anonymous_21)
FNDA:0,(anonymous_22)
FNDA:0,(anonymous_23)
FNDA:0,(anonymous_24)
FNDA:0,(anonymous_25)
FNDA:0,(anonymous_26)
FNDA:0,(anonymous_27)
FNDA:0,(anonymous_28)
FNDA:0,(anonymous_29)
FNDA:0,(anonymous_30)
FNDA:0,(anonymous_31)
FNDA:0,(anonymous_32)
FNDA:0,(anonymous_33)
FNDA:0,(anonymous_34)
FNDA:0,(anonymous_35)
FNDA:0,(anonymous_36)
FNDA:0,(anonymous_37)
FNDA:0,(anonymous_38)
FNDA:0,(anonymous_39)
FNDA:0,(anonymous_40)
FNDA:0,(anonymous_41)
FNDA:0,(anonymous_42)
FNDA:0,(anonymous_43)
FNDA:0,(anonymous_44)
FNDA:0,(anonymous_45)
FNDA:0,(anonymous_46)
FNDA:0,(anonymous_47)
FNDA:0,(anonymous_48)
FNDA:0,(anonymous_49)
FNDA:0,(anonymous_50)
FNDA:0,(anonymous_51)
FNDA:0,(anonymous_52)
FNDA:0,(anonymous_53)
FNDA:0,(anonymous_54)
FNDA:0,(anonymous_55)
FNDA:0,(anonymous_56)
FNDA:0,(anonymous_57)
FNDA:0,(anonymous_58)
FNDA:0,(anonymous_59)
FNDA:0,(anonymous_60)
FNDA:0,(anonymous_61)
FNDA:0,(anonymous_62)
FNDA:0,(anonymous_63)
FNDA:0,(anonymous_64)
FNDA:0,(anonymous_65)
FNDA:0,(anonymous_66)
FNDA:0,(anonymous_67)
FNDA:0,(anonymous_68)
FNDA:0,(anonymous_69)
FNDA:0,(anonymous_70)
FNDA:0,(anonymous_71)
FNDA:0,(anonymous_72)
FNDA:0,(anonymous_73)
FNDA:0,(anonymous_74)
FNDA:0,(anonymous_75)
FNDA:0,(anonymous_76)
FNDA:0,(anonymous_77)
FNDA:0,(anonymous_78)
DA:7,1
DA:139,0
DA:143,0
DA:152,1
DA:154,0
DA:155,0
DA:156,0
DA:157,0
DA:158,0
DA:159,0
DA:160,0
DA:161,0
DA:162,0
DA:163,0
DA:164,0
DA:165,0
DA:168,0
DA:169,0
DA:170,0
DA:171,0
DA:172,0
DA:173,0
DA:174,0
DA:175,0
DA:176,0
DA:177,0
DA:178,0
DA:182,0
DA:183,0
DA:184,0
DA:185,0
DA:186,0
DA:187,0
DA:188,0
DA:189,0
DA:190,0
DA:191,0
DA:192,0
DA:196,0
DA:197,0
DA:198,0
DA:199,0
DA:200,0
DA:201,0
DA:202,0
DA:203,0
DA:204,0
DA:205,0
DA:206,0
DA:210,0
DA:211,0
DA:212,0
DA:213,0
DA:214,0
DA:215,0
DA:216,0
DA:217,0
DA:218,0
DA:219,0
DA:220,0
DA:224,0
DA:225,0
DA:226,0
DA:227,0
DA:228,0
DA:229,0
DA:230,0
DA:231,0
DA:232,0
DA:233,0
DA:234,0
DA:238,0
DA:239,0
DA:240,0
DA:241,0
DA:242,0
DA:243,0
DA:244,0
DA:245,0
DA:246,0
DA:247,0
DA:248,0
LF:82
LH:2
BRDA:132,0,0,0
BRDA:133,1,0,0
BRDA:134,2,0,0
BRDA:135,3,0,0
BRDA:136,4,0,0
BRDA:154,5,0,0
BRDA:154,5,1,0
BRDA:154,5,2,0
BRDA:154,5,3,0
BRDA:154,5,4,0
BRDA:154,5,5,0
BRDA:154,5,6,0
BRDA:154,5,7,0
BRDA:154,5,8,0
BRDA:155,6,0,0
BRDA:155,6,1,0
BRDA:155,6,2,0
BRDA:155,6,3,0
BRDA:156,7,0,0
BRDA:156,7,1,0
BRDA:156,7,2,0
BRDA:156,7,3,0
BRDA:156,8,0,0
BRDA:156,8,1,0
BRDA:156,9,0,0
BRDA:156,9,1,0
BRDA:157,10,0,0
BRDA:157,10,1,0
BRDA:157,10,2,0
BRDA:157,10,3,0
BRDA:157,11,0,0
BRDA:157,11,1,0
BRDA:157,12,0,0
BRDA:157,12,1,0
BRDA:158,13,0,0
BRDA:158,13,1,0
BRDA:158,13,2,0
BRDA:159,14,0,0
BRDA:159,14,1,0
BRDA:159,14,2,0
BRDA:160,15,0,0
BRDA:160,15,1,0
BRDA:160,15,2,0
BRDA:161,16,0,0
BRDA:161,16,1,0
BRDA:161,16,2,0
BRDA:162,17,0,0
BRDA:162,17,1,0
BRDA:162,17,2,0
BRDA:163,18,0,0
BRDA:163,18,1,0
BRDA:163,18,2,0
BRDA:163,18,3,0
BRDA:163,18,4,0
BRDA:163,18,5,0
BRDA:163,18,6,0
BRDA:163,18,7,0
BRDA:163,18,8,0
BRDA:163,18,9,0
BRDA:163,18,10,0
BRDA:163,18,11,0
BRDA:163,18,12,0
BRDA:163,18,13,0
BRDA:163,18,14,0
BRDA:163,18,15,0
BRDA:163,18,16,0
BRDA:164,19,0,0
BRDA:164,19,1,0
BRDA:164,19,2,0
BRDA:165,20,0,0
BRDA:165,20,1,0
BRDA:165,20,2,0
BRDA:168,21,0,0
BRDA:168,21,1,0
BRDA:168,22,0,0
BRDA:168,22,1,0
BRDA:168,23,0,0
BRDA:168,23,1,0
BRDA:169,24,0,0
BRDA:169,24,1,0
BRDA:169,24,2,0
BRDA:169,25,0,0
BRDA:169,25,1,0
BRDA:169,26,0,0
BRDA:169,26,1,0
BRDA:170,27,0,0
BRDA:170,27,1,0
BRDA:170,27,2,0
BRDA:170,28,0,0
BRDA:170,28,1,0
BRDA:170,29,0,0
BRDA:170,29,1,0
BRDA:171,30,0,0
BRDA:171,30,1,0
BRDA:172,31,0,0
BRDA:172,31,1,0
BRDA:173,32,0,0
BRDA:173,32,1,0
BRDA:174,33,0,0
BRDA:174,33,1,0
BRDA:175,34,0,0
BRDA:175,34,1,0
BRDA:176,35,0,0
BRDA:176,35,1,0
BRDA:176,35,2,0
BRDA:176,35,3,0
BRDA:176,35,4,0
BRDA:176,35,5,0
BRDA:176,35,6,0
BRDA:176,35,7,0
BRDA:176,35,8,0
BRDA:177,36,0,0
BRDA:177,36,1,0
BRDA:178,37,0,0
BRDA:178,37,1,0
BRDA:182,38,0,0
BRDA:182,38,1,0
BRDA:182,39,0,0
BRDA:182,39,1,0
BRDA:182,40,0,0
BRDA:182,40,1,0
BRDA:183,41,0,0
BRDA:183,41,1,0
BRDA:183,41,2,0
BRDA:183,42,0,0
BRDA:183,42,1,0
BRDA:183,43,0,0
BRDA:183,43,1,0
BRDA:184,44,0,0
BRDA:184,44,1,0
BRDA:184,44,2,0
BRDA:184,45,0,0
BRDA:184,45,1,0
BRDA:184,46,0,0
BRDA:184,46,1,0
BRDA:185,47,0,0
BRDA:185,47,1,0
BRDA:186,48,0,0
BRDA:186,48,1,0
BRDA:187,49,0,0
BRDA:187,49,1,0
BRDA:188,50,0,0
BRDA:188,50,1,0
BRDA:189,51,0,0
BRDA:189,51,1,0
BRDA:190,52,0,0
BRDA:190,52,1,0
BRDA:190,52,2,0
BRDA:190,52,3,0
BRDA:190,52,4,0
BRDA:190,52,5,0
BRDA:190,52,6,0
BRDA:190,52,7,0
BRDA:190,52,8,0
BRDA:191,53,0,0
BRDA:191,53,1,0
BRDA:192,54,0,0
BRDA:192,54,1,0
BRDA:196,55,0,0
BRDA:196,55,1,0
BRDA:196,56,0,0
BRDA:196,56,1,0
BRDA:196,57,0,0
BRDA:196,57,1,0
BRDA:197,58,0,0
BRDA:197,58,1,0
BRDA:197,58,2,0
BRDA:197,59,0,0
BRDA:197,59,1,0
BRDA:197,60,0,0
BRDA:197,60,1,0
BRDA:198,61,0,0
BRDA:198,61,1,0
BRDA:198,61,2,0
BRDA:198,62,0,0
BRDA:198,62,1,0
BRDA:198,63,0,0
BRDA:198,63,1,0
BRDA:199,64,0,0
BRDA:199,64,1,0
BRDA:200,65,0,0
BRDA:200,65,1,0
BRDA:201,66,0,0
BRDA:201,66,1,0
BRDA:202,67,0,0
BRDA:202,67,1,0
BRDA:203,68,0,0
BRDA:203,68,1,0
BRDA:204,69,0,0
BRDA:204,69,1,0
BRDA:204,69,2,0
BRDA:204,69,3,0
BRDA:204,69,4,0
BRDA:204,69,5,0
BRDA:204,69,6,0
BRDA:204,69,7,0
BRDA:204,69,8,0
BRDA:205,70,0,0
BRDA:205,70,1,0
BRDA:206,71,0,0
BRDA:206,71,1,0
BRDA:210,72,0,0
BRDA:210,72,1,0
BRDA:210,73,0,0
BRDA:210,73,1,0
BRDA:210,74,0,0
BRDA:210,74,1,0
BRDA:211,75,0,0
BRDA:211,75,1,0
BRDA:211,75,2,0
BRDA:211,76,0,0
BRDA:211,76,1,0
BRDA:211,77,0,0
BRDA:211,77,1,0
BRDA:212,78,0,0
BRDA:212,78,1,0
BRDA:212,78,2,0
BRDA:212,79,0,0
BRDA:212,79,1,0
BRDA:212,80,0,0
BRDA:212,80,1,0
BRDA:213,81,0,0
BRDA:213,81,1,0
BRDA:214,82,0,0
BRDA:214,82,1,0
BRDA:215,83,0,0
BRDA:215,83,1,0
BRDA:216,84,0,0
BRDA:216,84,1,0
BRDA:217,85,0,0
BRDA:217,85,1,0
BRDA:218,86,0,0
BRDA:218,86,1,0
BRDA:218,86,2,0
BRDA:218,86,3,0
BRDA:218,86,4,0
BRDA:218,86,5,0
BRDA:218,86,6,0
BRDA:218,86,7,0
BRDA:218,86,8,0
BRDA:219,87,0,0
BRDA:219,87,1,0
BRDA:220,88,0,0
BRDA:220,88,1,0
BRDA:224,89,0,0
BRDA:224,89,1,0
BRDA:224,90,0,0
BRDA:224,90,1,0
BRDA:224,91,0,0
BRDA:224,91,1,0
BRDA:225,92,0,0
BRDA:225,92,1,0
BRDA:225,92,2,0
BRDA:225,93,0,0
BRDA:225,93,1,0
BRDA:225,94,0,0
BRDA:225,94,1,0
BRDA:226,95,0,0
BRDA:226,95,1,0
BRDA:226,95,2,0
BRDA:226,96,0,0
BRDA:226,96,1,0
BRDA:226,97,0,0
BRDA:226,97,1,0
BRDA:227,98,0,0
BRDA:227,98,1,0
BRDA:228,99,0,0
BRDA:228,99,1,0
BRDA:229,100,0,0
BRDA:229,100,1,0
BRDA:230,101,0,0
BRDA:230,101,1,0
BRDA:231,102,0,0
BRDA:231,102,1,0
BRDA:232,103,0,0
BRDA:232,103,1,0
BRDA:232,103,2,0
BRDA:232,103,3,0
BRDA:232,103,4,0
BRDA:232,103,5,0
BRDA:232,103,6,0
BRDA:232,103,7,0
BRDA:232,103,8,0
BRDA:233,104,0,0
BRDA:233,104,1,0
BRDA:234,105,0,0
BRDA:234,105,1,0
BRDA:238,106,0,0
BRDA:238,106,1,0
BRDA:238,107,0,0
BRDA:238,107,1,0
BRDA:238,108,0,0
BRDA:238,108,1,0
BRDA:239,109,0,0
BRDA:239,109,1,0
BRDA:239,109,2,0
BRDA:239,110,0,0
BRDA:239,110,1,0
BRDA:239,111,0,0
BRDA:239,111,1,0
BRDA:240,112,0,0
BRDA:240,112,1,0
BRDA:240,112,2,0
BRDA:240,113,0,0
BRDA:240,113,1,0
BRDA:240,114,0,0
BRDA:240,114,1,0
BRDA:241,115,0,0
BRDA:241,115,1,0
BRDA:242,116,0,0
BRDA:242,116,1,0
BRDA:243,117,0,0
BRDA:243,117,1,0
BRDA:244,118,0,0
BRDA:244,118,1,0
BRDA:245,119,0,0
BRDA:245,119,1,0
BRDA:246,120,0,0
BRDA:246,120,1,0
BRDA:246,120,2,0
BRDA:246,120,3,0
BRDA:246,120,4,0
BRDA:246,120,5,0
BRDA:246,120,6,0
BRDA:246,120,7,0
BRDA:246,120,8,0
BRDA:247,121,0,0
BRDA:247,121,1,0
BRDA:248,122,0,0
BRDA:248,122,1,0
BRF:330
BRH:0
end_of_record
TN:
SF:/Users/aaron/Dev/facaade/src/components/Block/index.js
FNF:0
FNH:0
LF:0
LH:0
BRF:0
BRH:0
end_of_record
TN:
SF:/Users/aaron/Dev/facaade/src/components/Button/Button.js
FN:33,Button
FNF:1
FNH:1
FNDA:5,Button
DA:5,1
DA:15,1
DA:51,5
DA:56,5
LF:4
LH:4
BRDA:34,0,0,4
BRDA:35,1,0,5
BRDA:36,2,0,4
BRDA:37,3,0,5
BRDA:38,4,0,5
BRDA:39,5,0,5
BRDA:40,6,0,5
BRDA:41,7,0,5
BRDA:42,8,0,5
BRDA:43,9,0,4
BRDA:44,10,0,4
BRDA:45,11,0,5
BRDA:46,12,0,5
BRDA:47,13,0,5
BRF:14
BRH:14
end_of_record
TN:
SF:/Users/aaron/Dev/facaade/src/components/Button/index.js
FNF:0
FNH:0
LF:0
LH:0
BRF:0
BRH:0
end_of_record
TN:
SF:/Users/aaron/Dev/facaade/src/constants/breakpoints.js
FNF:0
FNH:0
LF:0
LH:0
BRF:0
BRH:0
end_of_record
TN:
SF:/Users/aaron/Dev/facaade/src/testSetup/scssStub.js
FNF:0
FNH:0
DA:1,1
LF:1
LH:1
BRF:0
BRH:0
end_of_record
TN:
SF:/Users/aaron/Dev/facaade/src/testSetup/setupEnzyme.js
FNF:0
FNH:0
DA:4,2
LF:1
LH:1
BRF:0
BRH:0
end_of_record
TN:
SF:/Users/aaron/Dev/facaade/src/utils/index.js
FN:1,(anonymous_0)
FN:3,(anonymous_1)
FN:5,(anonymous_2)
FNF:3
FNH:0
FNDA:0,(anonymous_0)
FNDA:0,(anonymous_1)
FNDA:0,(anonymous_2)
DA:1,1
DA:3,0
DA:5,0
DA:7,0
LF:4
LH:1
BRDA:1,0,0,0
BRDA:5,1,0,0
BRDA:5,1,1,0
BRF:3
BRH:0
end_of_record
